\BOOKMARK [0][-]{chapter.1}{\376\377\000I\000n\000d\000e\000k\000s\000\040\000h\000i\000e\000r\000a\000r\000c\000h\000i\000c\000z\000n\000y}{}% 1
\BOOKMARK [1][-]{section.1.1}{\376\377\000H\000i\000e\000r\000a\000r\000c\000h\000i\000a\000\040\000k\000l\000a\000s}{chapter.1}% 2
\BOOKMARK [0][-]{chapter.2}{\376\377\000I\000n\000d\000e\000k\000s\000\040\000k\000l\000a\000s}{}% 3
\BOOKMARK [1][-]{section.2.1}{\376\377\000L\000i\000s\000t\000a\000\040\000k\000l\000a\000s}{chapter.2}% 4
\BOOKMARK [0][-]{chapter.3}{\376\377\000I\000n\000d\000e\000k\000s\000\040\000p\000l\000i\000k\000\363\000w}{}% 5
\BOOKMARK [1][-]{section.3.1}{\376\377\000L\000i\000s\000t\000a\000\040\000p\000l\000i\000k\000\363\000w}{chapter.3}% 6
\BOOKMARK [0][-]{chapter.4}{\376\377\000D\000o\000k\000u\000m\000e\000n\000t\000a\000c\000j\000a\000\040\000k\000l\000a\000s}{}% 7
\BOOKMARK [1][-]{section.4.1}{\376\377\000D\000o\000k\000u\000m\000e\000n\000t\000a\000c\000j\000a\000\040\000k\000l\000a\000s\000y\000\040\000a\000l\000g\000o\000r\000y\000t\000m}{chapter.4}% 8
\BOOKMARK [2][-]{subsection.4.1.1}{\376\377\000O\000p\000i\000s\000\040\000s\000z\000c\000z\000e\000g\000\363\001\102\000o\000w\000y}{section.4.1}% 9
\BOOKMARK [2][-]{subsection.4.1.2}{\376\377\000D\000o\000k\000u\000m\000e\000n\000t\000a\000c\000j\000a\000\040\000k\000o\000n\000s\000t\000r\000u\000k\000t\000o\000r\000a\000\040\000i\000\040\000d\000e\000s\000t\000r\000u\000k\000t\000o\000r\000a}{section.4.1}% 10
\BOOKMARK [3][-]{subsubsection.4.1.2.1}{\376\377\000a\000l\000g\000o\000r\000y\000t\000m}{subsection.4.1.2}% 11
\BOOKMARK [2][-]{subsection.4.1.3}{\376\377\000D\000o\000k\000u\000m\000e\000n\000t\000a\000c\000j\000a\000\040\000f\000u\000n\000k\000c\000j\000i\000\040\000s\000k\001\102\000a\000d\000o\000w\000y\000c\000h}{section.4.1}% 12
\BOOKMARK [3][-]{subsubsection.4.1.3.1}{\376\377\000i\000l\000e\000\137\000d\000a\000n\000y\000c\000h}{subsection.4.1.3}% 13
\BOOKMARK [3][-]{subsubsection.4.1.3.2}{\376\377\000j\000a\000k\000i\000\137\000c\000z\000a\000s}{subsection.4.1.3}% 14
\BOOKMARK [3][-]{subsubsection.4.1.3.3}{\376\377\000p\000o\000r\000o\000w\000n\000a\000j}{subsection.4.1.3}% 15
\BOOKMARK [3][-]{subsubsection.4.1.3.4}{\376\377\000p\000r\000z\000e\000l\000i\000c\000z}{subsection.4.1.3}% 16
\BOOKMARK [3][-]{subsubsection.4.1.3.5}{\376\377\000s\000e\000t\000\137\000N}{subsection.4.1.3}% 17
\BOOKMARK [3][-]{subsubsection.4.1.3.6}{\376\377\000w\000c\000z\000y\000t\000a\000j}{subsection.4.1.3}% 18
\BOOKMARK [3][-]{subsubsection.4.1.3.7}{\376\377\000w\000c\000z\000y\000t\000a\000j\000\137\000w\000z\000o\000r}{subsection.4.1.3}% 19
\BOOKMARK [3][-]{subsubsection.4.1.3.8}{\376\377\000w\000l\000a\000c\000z\000\137\000z\000e\000g\000a\000r}{subsection.4.1.3}% 20
\BOOKMARK [3][-]{subsubsection.4.1.3.9}{\376\377\000w\000y\000k\000o\000n\000a\000j}{subsection.4.1.3}% 21
\BOOKMARK [3][-]{subsubsection.4.1.3.10}{\376\377\000w\000y\000l\000a\000c\000z\000\137\000z\000e\000g\000a\000r}{subsection.4.1.3}% 22
\BOOKMARK [3][-]{subsubsection.4.1.3.11}{\376\377\000z\000a\000p\000i\000s\000z\000\137\000d\000o\000\137\000c\000s\000v}{subsection.4.1.3}% 23
\BOOKMARK [3][-]{subsubsection.4.1.3.12}{\376\377\000z\000a\000p\000i\000s\000z\000\137\000d\000o\000\137\000g\000n\000u\000p\000l\000o\000t}{subsection.4.1.3}% 24
\BOOKMARK [2][-]{subsection.4.1.4}{\376\377\000D\000o\000k\000u\000m\000e\000n\000t\000a\000c\000j\000a\000\040\000a\000t\000r\000y\000b\000u\000t\000\363\000w\000\040\000s\000k\001\102\000a\000d\000o\000w\000y\000c\000h}{section.4.1}% 25
\BOOKMARK [3][-]{subsubsection.4.1.4.1}{\376\377\000c\000z\000a\000s}{subsection.4.1.4}% 26
\BOOKMARK [3][-]{subsubsection.4.1.4.2}{\376\377\000c\000z\000a\000s\0001}{subsection.4.1.4}% 27
\BOOKMARK [3][-]{subsubsection.4.1.4.3}{\376\377\000c\000z\000a\000s\0002}{subsection.4.1.4}% 28
\BOOKMARK [3][-]{subsubsection.4.1.4.4}{\376\377\000d\000a\000n\000e}{subsection.4.1.4}% 29
\BOOKMARK [3][-]{subsubsection.4.1.4.5}{\376\377\000d\000a\000n\000e\000\137\000w\000z}{subsection.4.1.4}% 30
\BOOKMARK [3][-]{subsubsection.4.1.4.6}{\376\377\000m}{subsection.4.1.4}% 31
\BOOKMARK [3][-]{subsubsection.4.1.4.7}{\376\377\000n}{subsection.4.1.4}% 32
\BOOKMARK [3][-]{subsubsection.4.1.4.8}{\376\377\000o\000p}{subsection.4.1.4}% 33
\BOOKMARK [1][-]{section.4.2}{\376\377\000D\000o\000k\000u\000m\000e\000n\000t\000a\000c\000j\000a\000\040\000k\000l\000a\000s\000y\000\040\000b\000s\000t}{chapter.4}% 34
\BOOKMARK [2][-]{subsection.4.2.1}{\376\377\000O\000p\000i\000s\000\040\000s\000z\000c\000z\000e\000g\000\363\001\102\000o\000w\000y}{section.4.2}% 35
\BOOKMARK [2][-]{subsection.4.2.2}{\376\377\000D\000o\000k\000u\000m\000e\000n\000t\000a\000c\000j\000a\000\040\000k\000o\000n\000s\000t\000r\000u\000k\000t\000o\000r\000a\000\040\000i\000\040\000d\000e\000s\000t\000r\000u\000k\000t\000o\000r\000a}{section.4.2}% 36
\BOOKMARK [3][-]{subsubsection.4.2.2.1}{\376\377\000b\000s\000t}{subsection.4.2.2}% 37
\BOOKMARK [3][-]{subsubsection.4.2.2.2}{\376\377\000b\000s\000t}{subsection.4.2.2}% 38
\BOOKMARK [2][-]{subsection.4.2.3}{\376\377\000D\000o\000k\000u\000m\000e\000n\000t\000a\000c\000j\000a\000\040\000f\000u\000n\000k\000c\000j\000i\000\040\000s\000k\001\102\000a\000d\000o\000w\000y\000c\000h}{section.4.2}% 39
\BOOKMARK [3][-]{subsubsection.4.2.3.1}{\376\377\000p\000r\000z\000e\000l\000i\000c\000z}{subsection.4.2.3}% 40
\BOOKMARK [3][-]{subsubsection.4.2.3.2}{\376\377\000w\000c\000z\000y\000t\000a\000j\000\137\000k\000l\000u\000c\000z\000e}{subsection.4.2.3}% 41
\BOOKMARK [2][-]{subsection.4.2.4}{\376\377\000D\000o\000k\000u\000m\000e\000n\000t\000a\000c\000j\000a\000\040\000a\000t\000r\000y\000b\000u\000t\000\363\000w\000\040\000s\000k\001\102\000a\000d\000o\000w\000y\000c\000h}{section.4.2}% 42
\BOOKMARK [3][-]{subsubsection.4.2.4.1}{\376\377\000d}{subsection.4.2.4}% 43
\BOOKMARK [3][-]{subsubsection.4.2.4.2}{\376\377\000k\000l\000u\000c\000z\000e}{subsection.4.2.4}% 44
\BOOKMARK [1][-]{section.4.3}{\376\377\000D\000o\000k\000u\000m\000e\000n\000t\000a\000c\000j\000a\000\040\000s\000z\000a\000b\000l\000o\000n\000u\000\040\000k\000l\000a\000s\000y\000\040\000d\000r\000z\000e\000w\000o\000<\000\040\000T\000Y\000P\000\040\000>}{chapter.4}% 45
\BOOKMARK [2][-]{subsection.4.3.1}{\376\377\000O\000p\000i\000s\000\040\000s\000z\000c\000z\000e\000g\000\363\001\102\000o\000w\000y}{section.4.3}% 46
\BOOKMARK [2][-]{subsection.4.3.2}{\376\377\000D\000o\000k\000u\000m\000e\000n\000t\000a\000c\000j\000a\000\040\000k\000o\000n\000s\000t\000r\000u\000k\000t\000o\000r\000a\000\040\000i\000\040\000d\000e\000s\000t\000r\000u\000k\000t\000o\000r\000a}{section.4.3}% 47
\BOOKMARK [3][-]{subsubsection.4.3.2.1}{\376\377\000d\000r\000z\000e\000w\000o}{subsection.4.3.2}% 48
\BOOKMARK [3][-]{subsubsection.4.3.2.2}{\376\377\000d\000r\000z\000e\000w\000o}{subsection.4.3.2}% 49
\BOOKMARK [2][-]{subsection.4.3.3}{\376\377\000D\000o\000k\000u\000m\000e\000n\000t\000a\000c\000j\000a\000\040\000f\000u\000n\000k\000c\000j\000i\000\040\000s\000k\001\102\000a\000d\000o\000w\000y\000c\000h}{section.4.3}% 50
\BOOKMARK [3][-]{subsubsection.4.3.3.1}{\376\377\000c\000z\000y\000s\000c}{subsection.4.3.3}% 51
\BOOKMARK [3][-]{subsubsection.4.3.3.2}{\376\377\000d\000o\000d\000a\000j}{subsection.4.3.3}% 52
\BOOKMARK [3][-]{subsubsection.4.3.3.3}{\376\377\000d\000o\000d\000a\000j\000\137\000w\000e\000z\000e\000l}{subsection.4.3.3}% 53
\BOOKMARK [3][-]{subsubsection.4.3.3.4}{\376\377\000s\000z\000u\000k\000a\000j}{subsection.4.3.3}% 54
\BOOKMARK [3][-]{subsubsection.4.3.3.5}{\376\377\000u\000s\000u\000n}{subsection.4.3.3}% 55
\BOOKMARK [3][-]{subsubsection.4.3.3.6}{\376\377\000w\000y\000c\000z\000y\000s\000c}{subsection.4.3.3}% 56
\BOOKMARK [3][-]{subsubsection.4.3.3.7}{\376\377\000z\000n\000a\000j\000d\000z}{subsection.4.3.3}% 57
\BOOKMARK [2][-]{subsection.4.3.4}{\376\377\000D\000o\000k\000u\000m\000e\000n\000t\000a\000c\000j\000a\000\040\000a\000t\000r\000y\000b\000u\000t\000\363\000w\000\040\000s\000k\001\102\000a\000d\000o\000w\000y\000c\000h}{section.4.3}% 58
\BOOKMARK [3][-]{subsubsection.4.3.4.1}{\376\377\000k\000o\000r\000z\000e\000n}{subsection.4.3.4}% 59
\BOOKMARK [3][-]{subsubsection.4.3.4.2}{\376\377\000z\000n\000a\000l\000e\000z\000i\000o\000n\000y}{subsection.4.3.4}% 60
\BOOKMARK [1][-]{section.4.4}{\376\377\000D\000o\000k\000u\000m\000e\000n\000t\000a\000c\000j\000a\000\040\000s\000z\000a\000b\000l\000o\000n\000u\000\040\000k\000l\000a\000s\000y\000\040\000e\000l\000\137\000t\000a\000b\000<\000\040\000T\000Y\000P\000\040\000>}{chapter.4}% 61
\BOOKMARK [2][-]{subsection.4.4.1}{\376\377\000O\000p\000i\000s\000\040\000s\000z\000c\000z\000e\000g\000\363\001\102\000o\000w\000y}{section.4.4}% 62
\BOOKMARK [2][-]{subsection.4.4.2}{\376\377\000D\000o\000k\000u\000m\000e\000n\000t\000a\000c\000j\000a\000\040\000k\000o\000n\000s\000t\000r\000u\000k\000t\000o\000r\000a\000\040\000i\000\040\000d\000e\000s\000t\000r\000u\000k\000t\000o\000r\000a}{section.4.4}% 63
\BOOKMARK [3][-]{subsubsection.4.4.2.1}{\376\377\000e\000l\000\137\000t\000a\000b}{subsection.4.4.2}% 64
\BOOKMARK [3][-]{subsubsection.4.4.2.2}{\376\377\000e\000l\000\137\000t\000a\000b}{subsection.4.4.2}% 65
\BOOKMARK [2][-]{subsection.4.4.3}{\376\377\000D\000o\000k\000u\000m\000e\000n\000t\000a\000c\000j\000a\000\040\000a\000t\000r\000y\000b\000u\000t\000\363\000w\000\040\000s\000k\001\102\000a\000d\000o\000w\000y\000c\000h}{section.4.4}% 66
\BOOKMARK [3][-]{subsubsection.4.4.3.1}{\376\377\000k\000l\000u\000c\000z}{subsection.4.4.3}% 67
\BOOKMARK [3][-]{subsubsection.4.4.3.2}{\376\377\000w\000a\000r\000t}{subsection.4.4.3}% 68
\BOOKMARK [3][-]{subsubsection.4.4.3.3}{\376\377\000z\000a\000j\000e\000t\000y}{subsection.4.4.3}% 69
\BOOKMARK [1][-]{section.4.5}{\376\377\000D\000o\000k\000u\000m\000e\000n\000t\000a\000c\000j\000a\000\040\000k\000l\000a\000s\000y\000\040\000g\000r\000a\000f}{chapter.4}% 70
\BOOKMARK [2][-]{subsection.4.5.1}{\376\377\000O\000p\000i\000s\000\040\000s\000z\000c\000z\000e\000g\000\363\001\102\000o\000w\000y}{section.4.5}% 71
\BOOKMARK [2][-]{subsection.4.5.2}{\376\377\000D\000o\000k\000u\000m\000e\000n\000t\000a\000c\000j\000a\000\040\000k\000o\000n\000s\000t\000r\000u\000k\000t\000o\000r\000a\000\040\000i\000\040\000d\000e\000s\000t\000r\000u\000k\000t\000o\000r\000a}{section.4.5}% 72
\BOOKMARK [3][-]{subsubsection.4.5.2.1}{\376\377\000g\000r\000a\000f}{subsection.4.5.2}% 73
\BOOKMARK [2][-]{subsection.4.5.3}{\376\377\000D\000o\000k\000u\000m\000e\000n\000t\000a\000c\000j\000a\000\040\000f\000u\000n\000k\000c\000j\000i\000\040\000s\000k\001\102\000a\000d\000o\000w\000y\000c\000h}{section.4.5}% 74
\BOOKMARK [3][-]{subsubsection.4.5.3.1}{\376\377\000b\000e\000s\000t\000\137\000f\000i\000r\000s\000t}{subsection.4.5.3}% 75
\BOOKMARK [3][-]{subsubsection.4.5.3.2}{\376\377\000b\000f\000s}{subsection.4.5.3}% 76
\BOOKMARK [3][-]{subsubsection.4.5.3.3}{\376\377\000c\000z\000y\000\137\000s\000a\000s\000i\000a\000d}{subsection.4.5.3}% 77
\BOOKMARK [3][-]{subsubsection.4.5.3.4}{\376\377\000c\000z\000y\000\137\000s\000a\000s\000i\000a\000d}{subsection.4.5.3}% 78
\BOOKMARK [3][-]{subsubsection.4.5.3.5}{\376\377\000d\000f\000s}{subsection.4.5.3}% 79
\BOOKMARK [3][-]{subsubsection.4.5.3.6}{\376\377\000d\000o\000d\000a\000j\000\137\000k\000r\000a\000w\000e\000d\000z}{subsection.4.5.3}% 80
\BOOKMARK [3][-]{subsubsection.4.5.3.7}{\376\377\000d\000o\000d\000a\000j\000\137\000k\000r\000a\000w\000e\000d\000z}{subsection.4.5.3}% 81
\BOOKMARK [3][-]{subsubsection.4.5.3.8}{\376\377\000d\000o\000d\000a\000j\000\137\000w\000i\000e\000r\000z\000c\000h\000o\000l\000e\000k}{subsection.4.5.3}% 82
\BOOKMARK [3][-]{subsubsection.4.5.3.9}{\376\377\000d\000o\000d\000a\000j\000\137\000w\000i\000e\000r\000z\000c\000h\000o\000l\000e\000k}{subsection.4.5.3}% 83
\BOOKMARK [3][-]{subsubsection.4.5.3.10}{\376\377\000p\000r\000z\000e\000s\000z\000u\000k\000a\000j\000\137\000w\000e\000z\000e\000l}{subsection.4.5.3}% 84
\BOOKMARK [3][-]{subsubsection.4.5.3.11}{\376\377\000p\000r\000z\000e\000s\000z\000u\000k\000a\000j\000\137\000w\000e\000z\000e\000l\000\137\0001}{subsection.4.5.3}% 85
\BOOKMARK [3][-]{subsubsection.4.5.3.12}{\376\377\000p\000r\000z\000e\000s\000z\000u\000k\000a\000j\000\137\000w\000e\000z\000e\000l\000\137\0002}{subsection.4.5.3}% 86
\BOOKMARK [3][-]{subsubsection.4.5.3.13}{\376\377\000s\000a\000s\000i\000e\000d\000z\000t\000w\000o}{subsection.4.5.3}% 87
\BOOKMARK [3][-]{subsubsection.4.5.3.14}{\376\377\000s\000a\000s\000i\000e\000d\000z\000t\000w\000o}{subsection.4.5.3}% 88
\BOOKMARK [3][-]{subsubsection.4.5.3.15}{\376\377\000u\000s\000u\000n\000\137\000k\000r\000a\000w\000e\000d\000z}{subsection.4.5.3}% 89
\BOOKMARK [3][-]{subsubsection.4.5.3.16}{\376\377\000u\000s\000u\000n\000\137\000k\000r\000a\000w\000e\000d\000z}{subsection.4.5.3}% 90
\BOOKMARK [3][-]{subsubsection.4.5.3.17}{\376\377\000u\000s\000u\000n\000\137\000w\000i\000e\000r\000z\000c\000h\000o\000l\000e\000k}{subsection.4.5.3}% 91
\BOOKMARK [3][-]{subsubsection.4.5.3.18}{\376\377\000u\000s\000u\000n\000\137\000w\000i\000e\000r\000z\000c\000h\000o\000l\000e\000k}{subsection.4.5.3}% 92
\BOOKMARK [3][-]{subsubsection.4.5.3.19}{\376\377\000w\000y\000c\000z\000y\000s\000c}{subsection.4.5.3}% 93
\BOOKMARK [3][-]{subsubsection.4.5.3.20}{\376\377\000w\000y\000p\000i\000s\000z\000\137\000l\000i\000s\000t\000e}{subsection.4.5.3}% 94
\BOOKMARK [2][-]{subsection.4.5.4}{\376\377\000D\000o\000k\000u\000m\000e\000n\000t\000a\000c\000j\000a\000\040\000a\000t\000r\000y\000b\000u\000t\000\363\000w\000\040\000s\000k\001\102\000a\000d\000o\000w\000y\000c\000h}{section.4.5}% 95
\BOOKMARK [3][-]{subsubsection.4.5.4.1}{\376\377\000l\000i\000s\000t\000a\000\137\000i\000n\000c\000y\000d\000e\000n\000c\000j\000i}{subsection.4.5.4}% 96
\BOOKMARK [3][-]{subsubsection.4.5.4.2}{\376\377\000Q}{subsection.4.5.4}% 97
\BOOKMARK [3][-]{subsubsection.4.5.4.3}{\376\377\000Q\0000}{subsection.4.5.4}% 98
\BOOKMARK [3][-]{subsubsection.4.5.4.4}{\376\377\000t\000a\000b}{subsection.4.5.4}% 99
\BOOKMARK [1][-]{section.4.6}{\376\377\000D\000o\000k\000u\000m\000e\000n\000t\000a\000c\000j\000a\000\040\000k\000l\000a\000s\000y\000\040\000g\000r\000a\000f\000\137\000t\000e\000s\000t}{chapter.4}% 100
\BOOKMARK [2][-]{subsection.4.6.1}{\376\377\000O\000p\000i\000s\000\040\000s\000z\000c\000z\000e\000g\000\363\001\102\000o\000w\000y}{section.4.6}% 101
\BOOKMARK [2][-]{subsection.4.6.2}{\376\377\000D\000o\000k\000u\000m\000e\000n\000t\000a\000c\000j\000a\000\040\000k\000o\000n\000s\000t\000r\000u\000k\000t\000o\000r\000a\000\040\000i\000\040\000d\000e\000s\000t\000r\000u\000k\000t\000o\000r\000a}{section.4.6}% 102
\BOOKMARK [3][-]{subsubsection.4.6.2.1}{\376\377\000g\000r\000a\000f\000\137\000t\000e\000s\000t}{subsection.4.6.2}% 103
\BOOKMARK [2][-]{subsection.4.6.3}{\376\377\000D\000o\000k\000u\000m\000e\000n\000t\000a\000c\000j\000a\000\040\000f\000u\000n\000k\000c\000j\000i\000\040\000s\000k\001\102\000a\000d\000o\000w\000y\000c\000h}{section.4.6}% 104
\BOOKMARK [3][-]{subsubsection.4.6.3.1}{\376\377\000p\000r\000z\000e\000l\000i\000c\000z}{subsection.4.6.3}% 105
\BOOKMARK [3][-]{subsubsection.4.6.3.2}{\376\377\000w\000c\000z\000y\000t\000a\000j\000\137\000g\000r\000a\000f}{subsection.4.6.3}% 106
\BOOKMARK [2][-]{subsection.4.6.4}{\376\377\000D\000o\000k\000u\000m\000e\000n\000t\000a\000c\000j\000a\000\040\000a\000t\000r\000y\000b\000u\000t\000\363\000w\000\040\000s\000k\001\102\000a\000d\000o\000w\000y\000c\000h}{section.4.6}% 107
\BOOKMARK [3][-]{subsubsection.4.6.4.1}{\376\377\000G\0001}{subsection.4.6.4}% 108
\BOOKMARK [3][-]{subsubsection.4.6.4.2}{\376\377\000G\0002}{subsection.4.6.4}% 109
\BOOKMARK [3][-]{subsubsection.4.6.4.3}{\376\377\000G\0003}{subsection.4.6.4}% 110
\BOOKMARK [3][-]{subsubsection.4.6.4.4}{\376\377\000G\0004}{subsection.4.6.4}% 111
\BOOKMARK [3][-]{subsubsection.4.6.4.5}{\376\377\000G\0005}{subsection.4.6.4}% 112
\BOOKMARK [3][-]{subsubsection.4.6.4.6}{\376\377\000G\0006}{subsection.4.6.4}% 113
\BOOKMARK [3][-]{subsubsection.4.6.4.7}{\376\377\000t\000y\000p}{subsection.4.6.4}% 114
\BOOKMARK [1][-]{section.4.7}{\376\377\000D\000o\000k\000u\000m\000e\000n\000t\000a\000c\000j\000a\000\040\000k\000l\000a\000s\000y\000\040\000h\000\137\000s\000o\000r\000t}{chapter.4}% 115
\BOOKMARK [2][-]{subsection.4.7.1}{\376\377\000O\000p\000i\000s\000\040\000s\000z\000c\000z\000e\000g\000\363\001\102\000o\000w\000y}{section.4.7}% 116
\BOOKMARK [2][-]{subsection.4.7.2}{\376\377\000D\000o\000k\000u\000m\000e\000n\000t\000a\000c\000j\000a\000\040\000k\000o\000n\000s\000t\000r\000u\000k\000t\000o\000r\000a\000\040\000i\000\040\000d\000e\000s\000t\000r\000u\000k\000t\000o\000r\000a}{section.4.7}% 117
\BOOKMARK [3][-]{subsubsection.4.7.2.1}{\376\377\000h\000\137\000s\000o\000r\000t}{subsection.4.7.2}% 118
\BOOKMARK [2][-]{subsection.4.7.3}{\376\377\000D\000o\000k\000u\000m\000e\000n\000t\000a\000c\000j\000a\000\040\000f\000u\000n\000k\000c\000j\000i\000\040\000s\000k\001\102\000a\000d\000o\000w\000y\000c\000h}{section.4.7}% 119
\BOOKMARK [3][-]{subsubsection.4.7.3.1}{\376\377\000p\000r\000z\000e\000l\000i\000c\000z}{subsection.4.7.3}% 120
\BOOKMARK [1][-]{section.4.8}{\376\377\000D\000o\000k\000u\000m\000e\000n\000t\000a\000c\000j\000a\000\040\000k\000l\000a\000s\000y\000\040\000h\000\137\000t\000a\000b\000l\000e}{chapter.4}% 121
\BOOKMARK [2][-]{subsection.4.8.1}{\376\377\000O\000p\000i\000s\000\040\000s\000z\000c\000z\000e\000g\000\363\001\102\000o\000w\000y}{section.4.8}% 122
\BOOKMARK [2][-]{subsection.4.8.2}{\376\377\000D\000o\000k\000u\000m\000e\000n\000t\000a\000c\000j\000a\000\040\000k\000o\000n\000s\000t\000r\000u\000k\000t\000o\000r\000a\000\040\000i\000\040\000d\000e\000s\000t\000r\000u\000k\000t\000o\000r\000a}{section.4.8}% 123
\BOOKMARK [3][-]{subsubsection.4.8.2.1}{\376\377\000h\000\137\000t\000a\000b\000l\000e}{subsection.4.8.2}% 124
\BOOKMARK [2][-]{subsection.4.8.3}{\376\377\000D\000o\000k\000u\000m\000e\000n\000t\000a\000c\000j\000a\000\040\000f\000u\000n\000k\000c\000j\000i\000\040\000s\000k\001\102\000a\000d\000o\000w\000y\000c\000h}{section.4.8}% 125
\BOOKMARK [3][-]{subsubsection.4.8.3.1}{\376\377\000p\000r\000z\000e\000l\000i\000c\000z}{subsection.4.8.3}% 126
\BOOKMARK [3][-]{subsubsection.4.8.3.2}{\376\377\000w\000c\000z\000y\000t\000a\000j\000\137\000k\000l\000u\000c\000z\000e}{subsection.4.8.3}% 127
\BOOKMARK [2][-]{subsection.4.8.4}{\376\377\000D\000o\000k\000u\000m\000e\000n\000t\000a\000c\000j\000a\000\040\000a\000t\000r\000y\000b\000u\000t\000\363\000w\000\040\000s\000k\001\102\000a\000d\000o\000w\000y\000c\000h}{section.4.8}% 128
\BOOKMARK [3][-]{subsubsection.4.8.4.1}{\376\377\000k\000l\000u\000c\000z\000e}{subsection.4.8.4}% 129
\BOOKMARK [1][-]{section.4.9}{\376\377\000D\000o\000k\000u\000m\000e\000n\000t\000a\000c\000j\000a\000\040\000s\000z\000a\000b\000l\000o\000n\000u\000\040\000k\000l\000a\000s\000y\000\040\000h\000a\000s\000h\000t\000a\000b\000<\000\040\000T\000Y\000P\000\040\000>}{chapter.4}% 130
\BOOKMARK [2][-]{subsection.4.9.1}{\376\377\000O\000p\000i\000s\000\040\000s\000z\000c\000z\000e\000g\000\363\001\102\000o\000w\000y}{section.4.9}% 131
\BOOKMARK [2][-]{subsection.4.9.2}{\376\377\000D\000o\000k\000u\000m\000e\000n\000t\000a\000c\000j\000a\000\040\000k\000o\000n\000s\000t\000r\000u\000k\000t\000o\000r\000a\000\040\000i\000\040\000d\000e\000s\000t\000r\000u\000k\000t\000o\000r\000a}{section.4.9}% 132
\BOOKMARK [3][-]{subsubsection.4.9.2.1}{\376\377\000h\000a\000s\000h\000t\000a\000b}{subsection.4.9.2}% 133
\BOOKMARK [3][-]{subsubsection.4.9.2.2}{\376\377\000h\000a\000s\000h\000t\000a\000b}{subsection.4.9.2}% 134
\BOOKMARK [2][-]{subsection.4.9.3}{\376\377\000D\000o\000k\000u\000m\000e\000n\000t\000a\000c\000j\000a\000\040\000f\000u\000n\000k\000c\000j\000i\000\040\000s\000k\001\102\000a\000d\000o\000w\000y\000c\000h}{section.4.9}% 135
\BOOKMARK [3][-]{subsubsection.4.9.3.1}{\376\377\000d\000o\000d\000a\000j}{subsection.4.9.3}% 136
\BOOKMARK [3][-]{subsubsection.4.9.3.2}{\376\377\000h\000a\000s\000h}{subsection.4.9.3}% 137
\BOOKMARK [3][-]{subsubsection.4.9.3.3}{\376\377\000u\000s\000t\000a\000w\000\137\000d\000l\000u\000g\000o\000s\000c}{subsection.4.9.3}% 138
\BOOKMARK [3][-]{subsubsection.4.9.3.4}{\376\377\000u\000s\000u\000n}{subsection.4.9.3}% 139
\BOOKMARK [3][-]{subsubsection.4.9.3.5}{\376\377\000w\000y\000p\000i\000s\000z}{subsection.4.9.3}% 140
\BOOKMARK [3][-]{subsubsection.4.9.3.6}{\376\377\000z\000n\000a\000j\000d\000z}{subsection.4.9.3}% 141
\BOOKMARK [2][-]{subsection.4.9.4}{\376\377\000D\000o\000k\000u\000m\000e\000n\000t\000a\000c\000j\000a\000\040\000a\000t\000r\000y\000b\000u\000t\000\363\000w\000\040\000s\000k\001\102\000a\000d\000o\000w\000y\000c\000h}{section.4.9}% 142
\BOOKMARK [3][-]{subsubsection.4.9.4.1}{\376\377\000d\000l\000u\000g\000o\000s\000c}{subsection.4.9.4}% 143
\BOOKMARK [3][-]{subsubsection.4.9.4.2}{\376\377\000t\000a\000b}{subsection.4.9.4}% 144
\BOOKMARK [1][-]{section.4.10}{\376\377\000D\000o\000k\000u\000m\000e\000n\000t\000a\000c\000j\000a\000\040\000k\000l\000a\000s\000y\000\040\000k\000o\000l\000e\000j\000k\000a\000\137\000l\000i\000s\000t\000a}{chapter.4}% 145
\BOOKMARK [2][-]{subsection.4.10.1}{\376\377\000O\000p\000i\000s\000\040\000s\000z\000c\000z\000e\000g\000\363\001\102\000o\000w\000y}{section.4.10}% 146
\BOOKMARK [2][-]{subsection.4.10.2}{\376\377\000D\000o\000k\000u\000m\000e\000n\000t\000a\000c\000j\000a\000\040\000k\000o\000n\000s\000t\000r\000u\000k\000t\000o\000r\000a\000\040\000i\000\040\000d\000e\000s\000t\000r\000u\000k\000t\000o\000r\000a}{section.4.10}% 147
\BOOKMARK [3][-]{subsubsection.4.10.2.1}{\376\377\000k\000o\000l\000e\000j\000k\000a\000\137\000l\000i\000s\000t\000a}{subsection.4.10.2}% 148
\BOOKMARK [2][-]{subsection.4.10.3}{\376\377\000D\000o\000k\000u\000m\000e\000n\000t\000a\000c\000j\000a\000\040\000f\000u\000n\000k\000c\000j\000i\000\040\000s\000k\001\102\000a\000d\000o\000w\000y\000c\000h}{section.4.10}% 149
\BOOKMARK [3][-]{subsubsection.4.10.3.1}{\376\377\000p\000r\000z\000e\000l\000i\000c\000z}{subsection.4.10.3}% 150
\BOOKMARK [2][-]{subsection.4.10.4}{\376\377\000D\000o\000k\000u\000m\000e\000n\000t\000a\000c\000j\000a\000\040\000a\000t\000r\000y\000b\000u\000t\000\363\000w\000\040\000s\000k\001\102\000a\000d\000o\000w\000y\000c\000h}{section.4.10}% 151
\BOOKMARK [3][-]{subsubsection.4.10.4.1}{\376\377\000q\000u}{subsection.4.10.4}% 152
\BOOKMARK [1][-]{section.4.11}{\376\377\000D\000o\000k\000u\000m\000e\000n\000t\000a\000c\000j\000a\000\040\000k\000l\000a\000s\000y\000\040\000k\000o\000l\000e\000j\000k\000a\000\137\000t\000a\000b\000l\000i\000c\000a}{chapter.4}% 153
\BOOKMARK [2][-]{subsection.4.11.1}{\376\377\000O\000p\000i\000s\000\040\000s\000z\000c\000z\000e\000g\000\363\001\102\000o\000w\000y}{section.4.11}% 154
\BOOKMARK [2][-]{subsection.4.11.2}{\376\377\000D\000o\000k\000u\000m\000e\000n\000t\000a\000c\000j\000a\000\040\000k\000o\000n\000s\000t\000r\000u\000k\000t\000o\000r\000a\000\040\000i\000\040\000d\000e\000s\000t\000r\000u\000k\000t\000o\000r\000a}{section.4.11}% 155
\BOOKMARK [3][-]{subsubsection.4.11.2.1}{\376\377\000k\000o\000l\000e\000j\000k\000a\000\137\000t\000a\000b\000l\000i\000c\000a}{subsection.4.11.2}% 156
\BOOKMARK [2][-]{subsection.4.11.3}{\376\377\000D\000o\000k\000u\000m\000e\000n\000t\000a\000c\000j\000a\000\040\000f\000u\000n\000k\000c\000j\000i\000\040\000s\000k\001\102\000a\000d\000o\000w\000y\000c\000h}{section.4.11}% 157
\BOOKMARK [3][-]{subsubsection.4.11.3.1}{\376\377\000p\000r\000z\000e\000l\000i\000c\000z}{subsection.4.11.3}% 158
\BOOKMARK [2][-]{subsection.4.11.4}{\376\377\000D\000o\000k\000u\000m\000e\000n\000t\000a\000c\000j\000a\000\040\000a\000t\000r\000y\000b\000u\000t\000\363\000w\000\040\000s\000k\001\102\000a\000d\000o\000w\000y\000c\000h}{section.4.11}% 159
\BOOKMARK [3][-]{subsubsection.4.11.4.1}{\376\377\000q\000u}{subsection.4.11.4}% 160
\BOOKMARK [1][-]{section.4.12}{\376\377\000D\000o\000k\000u\000m\000e\000n\000t\000a\000c\000j\000a\000\040\000k\000l\000a\000s\000y\000\040\000m\000\137\000s\000o\000r\000t}{chapter.4}% 161
\BOOKMARK [2][-]{subsection.4.12.1}{\376\377\000O\000p\000i\000s\000\040\000s\000z\000c\000z\000e\000g\000\363\001\102\000o\000w\000y}{section.4.12}% 162
\BOOKMARK [2][-]{subsection.4.12.2}{\376\377\000D\000o\000k\000u\000m\000e\000n\000t\000a\000c\000j\000a\000\040\000k\000o\000n\000s\000t\000r\000u\000k\000t\000o\000r\000a\000\040\000i\000\040\000d\000e\000s\000t\000r\000u\000k\000t\000o\000r\000a}{section.4.12}% 163
\BOOKMARK [3][-]{subsubsection.4.12.2.1}{\376\377\000m\000\137\000s\000o\000r\000t}{subsection.4.12.2}% 164
\BOOKMARK [2][-]{subsection.4.12.3}{\376\377\000D\000o\000k\000u\000m\000e\000n\000t\000a\000c\000j\000a\000\040\000f\000u\000n\000k\000c\000j\000i\000\040\000s\000k\001\102\000a\000d\000o\000w\000y\000c\000h}{section.4.12}% 165
\BOOKMARK [3][-]{subsubsection.4.12.3.1}{\376\377\000p\000r\000z\000e\000l\000i\000c\000z}{subsection.4.12.3}% 166
\BOOKMARK [1][-]{section.4.13}{\376\377\000D\000o\000k\000u\000m\000e\000n\000t\000a\000c\000j\000a\000\040\000k\000l\000a\000s\000y\000\040\000m\000n\000o\000z\000e\000n\000i\000e}{chapter.4}% 167
\BOOKMARK [2][-]{subsection.4.13.1}{\376\377\000O\000p\000i\000s\000\040\000s\000z\000c\000z\000e\000g\000\363\001\102\000o\000w\000y}{section.4.13}% 168
\BOOKMARK [2][-]{subsection.4.13.2}{\376\377\000D\000o\000k\000u\000m\000e\000n\000t\000a\000c\000j\000a\000\040\000k\000o\000n\000s\000t\000r\000u\000k\000t\000o\000r\000a\000\040\000i\000\040\000d\000e\000s\000t\000r\000u\000k\000t\000o\000r\000a}{section.4.13}% 169
\BOOKMARK [3][-]{subsubsection.4.13.2.1}{\376\377\000m\000n\000o\000z\000e\000n\000i\000e}{subsection.4.13.2}% 170
\BOOKMARK [2][-]{subsection.4.13.3}{\376\377\000D\000o\000k\000u\000m\000e\000n\000t\000a\000c\000j\000a\000\040\000f\000u\000n\000k\000c\000j\000i\000\040\000s\000k\001\102\000a\000d\000o\000w\000y\000c\000h}{section.4.13}% 171
\BOOKMARK [3][-]{subsubsection.4.13.3.1}{\376\377\000p\000r\000z\000e\000l\000i\000c\000z}{subsection.4.13.3}% 172
\BOOKMARK [1][-]{section.4.14}{\376\377\000D\000o\000k\000u\000m\000e\000n\000t\000a\000c\000j\000a\000\040\000k\000l\000a\000s\000y\000\040\000o\000p\000e\000r\000a\000c\000j\000e}{chapter.4}% 173
\BOOKMARK [2][-]{subsection.4.14.1}{\376\377\000O\000p\000i\000s\000\040\000s\000z\000c\000z\000e\000g\000\363\001\102\000o\000w\000y}{section.4.14}% 174
\BOOKMARK [2][-]{subsection.4.14.2}{\376\377\000D\000o\000k\000u\000m\000e\000n\000t\000a\000c\000j\000a\000\040\000k\000o\000n\000s\000t\000r\000u\000k\000t\000o\000r\000a\000\040\000i\000\040\000d\000e\000s\000t\000r\000u\000k\000t\000o\000r\000a}{section.4.14}% 175
\BOOKMARK [3][-]{subsubsection.4.14.2.1}{\376\377\000o\000p\000e\000r\000a\000c\000j\000e}{subsection.4.14.2}% 176
\BOOKMARK [3][-]{subsubsection.4.14.2.2}{\376\377\000o\000p\000e\000r\000a\000c\000j\000e}{subsection.4.14.2}% 177
\BOOKMARK [2][-]{subsection.4.14.3}{\376\377\000D\000o\000k\000u\000m\000e\000n\000t\000a\000c\000j\000a\000\040\000f\000u\000n\000k\000c\000j\000i\000\040\000s\000k\001\102\000a\000d\000o\000w\000y\000c\000h}{section.4.14}% 178
\BOOKMARK [3][-]{subsubsection.4.14.3.1}{\376\377\000d\000o\000d\000a\000j\000\137\000e\000l\000e\000m\000e\000n\000t}{subsection.4.14.3}% 179
\BOOKMARK [3][-]{subsubsection.4.14.3.2}{\376\377\000d\000o\000d\000a\000j\000\137\000e\000l\000e\000m\000e\000n\000t\000y}{subsection.4.14.3}% 180
\BOOKMARK [3][-]{subsubsection.4.14.3.3}{\376\377\000h\000e\000a\000p\000\137\000s\000o\000r\000t}{subsection.4.14.3}% 181
\BOOKMARK [3][-]{subsubsection.4.14.3.4}{\376\377\000m\000a\000k\000e\000\137\000h\000e\000a\000p}{subsection.4.14.3}% 182
\BOOKMARK [3][-]{subsubsection.4.14.3.5}{\376\377\000m\000a\000k\000e\000\137\000n\000o\000d\000e}{subsection.4.14.3}% 183
\BOOKMARK [3][-]{subsubsection.4.14.3.6}{\376\377\000m\000e\000r\000g\000e}{subsection.4.14.3}% 184
\BOOKMARK [3][-]{subsubsection.4.14.3.7}{\376\377\000m\000e\000r\000g\000e\000\137\000s\000o\000r\000t}{subsection.4.14.3}% 185
\BOOKMARK [3][-]{subsubsection.4.14.3.8}{\376\377\000o\000d\000w\000r\000o\000c\000\137\000t\000a\000b\000l\000i\000c\000e}{subsection.4.14.3}% 186
\BOOKMARK [3][-]{subsubsection.4.14.3.9}{\376\377\000o\000p\000e\000r\000a\000t\000o\000r\000=}{subsection.4.14.3}% 187
\BOOKMARK [3][-]{subsubsection.4.14.3.10}{\376\377\000o\000p\000e\000r\000a\000t\000o\000r\000=\000=}{subsection.4.14.3}% 188
\BOOKMARK [3][-]{subsubsection.4.14.3.11}{\376\377\000o\000p\000e\000r\000a\000t\000o\000r\000[\000]}{subsection.4.14.3}% 189
\BOOKMARK [3][-]{subsubsection.4.14.3.12}{\376\377\000q\000u\000i\000c\000k\000\137\000s\000o\000r\000t}{subsection.4.14.3}% 190
\BOOKMARK [3][-]{subsubsection.4.14.3.13}{\376\377\000z\000a\000m\000i\000e\000n\000\137\000e\000l\000e\000m\000e\000n\000t\000y}{subsection.4.14.3}% 191
\BOOKMARK [2][-]{subsection.4.14.4}{\376\377\000D\000o\000k\000u\000m\000e\000n\000t\000a\000c\000j\000a\000\040\000a\000t\000r\000y\000b\000u\000t\000\363\000w\000\040\000s\000k\001\102\000a\000d\000o\000w\000y\000c\000h}{section.4.14}% 192
\BOOKMARK [3][-]{subsubsection.4.14.4.1}{\376\377\000n}{subsection.4.14.4}% 193
\BOOKMARK [3][-]{subsubsection.4.14.4.2}{\376\377\000t\000a\000b}{subsection.4.14.4}% 194
\BOOKMARK [1][-]{section.4.15}{\376\377\000D\000o\000k\000u\000m\000e\000n\000t\000a\000c\000j\000a\000\040\000k\000l\000a\000s\000y\000\040\000q\000\137\000s\000o\000r\000t}{chapter.4}% 195
\BOOKMARK [2][-]{subsection.4.15.1}{\376\377\000O\000p\000i\000s\000\040\000s\000z\000c\000z\000e\000g\000\363\001\102\000o\000w\000y}{section.4.15}% 196
\BOOKMARK [2][-]{subsection.4.15.2}{\376\377\000D\000o\000k\000u\000m\000e\000n\000t\000a\000c\000j\000a\000\040\000k\000o\000n\000s\000t\000r\000u\000k\000t\000o\000r\000a\000\040\000i\000\040\000d\000e\000s\000t\000r\000u\000k\000t\000o\000r\000a}{section.4.15}% 197
\BOOKMARK [3][-]{subsubsection.4.15.2.1}{\376\377\000q\000\137\000s\000o\000r\000t}{subsection.4.15.2}% 198
\BOOKMARK [2][-]{subsection.4.15.3}{\376\377\000D\000o\000k\000u\000m\000e\000n\000t\000a\000c\000j\000a\000\040\000f\000u\000n\000k\000c\000j\000i\000\040\000s\000k\001\102\000a\000d\000o\000w\000y\000c\000h}{section.4.15}% 199
\BOOKMARK [3][-]{subsubsection.4.15.3.1}{\376\377\000p\000r\000z\000e\000l\000i\000c\000z}{subsection.4.15.3}% 200
\BOOKMARK [1][-]{section.4.16}{\376\377\000D\000o\000k\000u\000m\000e\000n\000t\000a\000c\000j\000a\000\040\000s\000z\000a\000b\000l\000o\000n\000u\000\040\000k\000l\000a\000s\000y\000\040\000q\000u\000e\000u\000e\000\137\000a\000r\000r\000a\000y\000<\000\040\000T\000Y\000P\000\040\000>}{chapter.4}% 201
\BOOKMARK [2][-]{subsection.4.16.1}{\376\377\000O\000p\000i\000s\000\040\000s\000z\000c\000z\000e\000g\000\363\001\102\000o\000w\000y}{section.4.16}% 202
\BOOKMARK [2][-]{subsection.4.16.2}{\376\377\000D\000o\000k\000u\000m\000e\000n\000t\000a\000c\000j\000a\000\040\000k\000o\000n\000s\000t\000r\000u\000k\000t\000o\000r\000a\000\040\000i\000\040\000d\000e\000s\000t\000r\000u\000k\000t\000o\000r\000a}{section.4.16}% 203
\BOOKMARK [3][-]{subsubsection.4.16.2.1}{\376\377\000q\000u\000e\000u\000e\000\137\000a\000r\000r\000a\000y}{subsection.4.16.2}% 204
\BOOKMARK [3][-]{subsubsection.4.16.2.2}{\376\377\000q\000u\000e\000u\000e\000\137\000a\000r\000r\000a\000y}{subsection.4.16.2}% 205
\BOOKMARK [2][-]{subsection.4.16.3}{\376\377\000D\000o\000k\000u\000m\000e\000n\000t\000a\000c\000j\000a\000\040\000f\000u\000n\000k\000c\000j\000i\000\040\000s\000k\001\102\000a\000d\000o\000w\000y\000c\000h}{section.4.16}% 206
\BOOKMARK [3][-]{subsubsection.4.16.3.1}{\376\377\000c\000l\000e\000a\000r}{subsection.4.16.3}% 207
\BOOKMARK [3][-]{subsubsection.4.16.3.2}{\376\377\000d\000e\000q\000u\000e\000u\000e}{subsection.4.16.3}% 208
\BOOKMARK [3][-]{subsubsection.4.16.3.3}{\376\377\000e\000n\000q\000u\000e\000u\000e}{subsection.4.16.3}% 209
\BOOKMARK [3][-]{subsubsection.4.16.3.4}{\376\377\000i\000s\000\137\000e\000m\000p\000t\000y}{subsection.4.16.3}% 210
\BOOKMARK [3][-]{subsubsection.4.16.3.5}{\376\377\000s\000i\000z\000e}{subsection.4.16.3}% 211
\BOOKMARK [2][-]{subsection.4.16.4}{\376\377\000D\000o\000k\000u\000m\000e\000n\000t\000a\000c\000j\000a\000\040\000a\000t\000r\000y\000b\000u\000t\000\363\000w\000\040\000s\000k\001\102\000a\000d\000o\000w\000y\000c\000h}{section.4.16}% 212
\BOOKMARK [3][-]{subsubsection.4.16.4.1}{\376\377\000f}{subsection.4.16.4}% 213
\BOOKMARK [3][-]{subsubsection.4.16.4.2}{\376\377\000q}{subsection.4.16.4}% 214
\BOOKMARK [3][-]{subsubsection.4.16.4.3}{\376\377\000s}{subsection.4.16.4}% 215
\BOOKMARK [3][-]{subsubsection.4.16.4.4}{\376\377\000s\000p}{subsection.4.16.4}% 216
\BOOKMARK [1][-]{section.4.17}{\376\377\000D\000o\000k\000u\000m\000e\000n\000t\000a\000c\000j\000a\000\040\000s\000z\000a\000b\000l\000o\000n\000u\000\040\000k\000l\000a\000s\000y\000\040\000q\000u\000e\000u\000e\000\137\000l\000i\000s\000t\000<\000\040\000T\000Y\000P\000\040\000>}{chapter.4}% 217
\BOOKMARK [2][-]{subsection.4.17.1}{\376\377\000O\000p\000i\000s\000\040\000s\000z\000c\000z\000e\000g\000\363\001\102\000o\000w\000y}{section.4.17}% 218
\BOOKMARK [2][-]{subsection.4.17.2}{\376\377\000D\000o\000k\000u\000m\000e\000n\000t\000a\000c\000j\000a\000\040\000f\000u\000n\000k\000c\000j\000i\000\040\000s\000k\001\102\000a\000d\000o\000w\000y\000c\000h}{section.4.17}% 219
\BOOKMARK [3][-]{subsubsection.4.17.2.1}{\376\377\000c\000l\000e\000a\000r}{subsection.4.17.2}% 220
\BOOKMARK [3][-]{subsubsection.4.17.2.2}{\376\377\000d\000e\000q\000u\000e\000u\000e}{subsection.4.17.2}% 221
\BOOKMARK [3][-]{subsubsection.4.17.2.3}{\376\377\000e\000n\000q\000u\000e\000u\000e}{subsection.4.17.2}% 222
\BOOKMARK [3][-]{subsubsection.4.17.2.4}{\376\377\000i\000s\000\137\000e\000m\000p\000t\000y}{subsection.4.17.2}% 223
\BOOKMARK [3][-]{subsubsection.4.17.2.5}{\376\377\000s\000i\000z\000e}{subsection.4.17.2}% 224
\BOOKMARK [2][-]{subsection.4.17.3}{\376\377\000D\000o\000k\000u\000m\000e\000n\000t\000a\000c\000j\000a\000\040\000a\000t\000r\000y\000b\000u\000t\000\363\000w\000\040\000s\000k\001\102\000a\000d\000o\000w\000y\000c\000h}{section.4.17}% 225
\BOOKMARK [3][-]{subsubsection.4.17.3.1}{\376\377\000q}{subsection.4.17.3}% 226
\BOOKMARK [1][-]{section.4.18}{\376\377\000D\000o\000k\000u\000m\000e\000n\000t\000a\000c\000j\000a\000\040\000s\000z\000a\000b\000l\000o\000n\000u\000\040\000k\000l\000a\000s\000y\000\040\000s\000t\000a\000c\000k\000\137\000a\000r\000r\000a\000y\000<\000\040\000T\000Y\000P\000\040\000>}{chapter.4}% 227
\BOOKMARK [2][-]{subsection.4.18.1}{\376\377\000O\000p\000i\000s\000\040\000s\000z\000c\000z\000e\000g\000\363\001\102\000o\000w\000y}{section.4.18}% 228
\BOOKMARK [2][-]{subsection.4.18.2}{\376\377\000D\000o\000k\000u\000m\000e\000n\000t\000a\000c\000j\000a\000\040\000k\000o\000n\000s\000t\000r\000u\000k\000t\000o\000r\000a\000\040\000i\000\040\000d\000e\000s\000t\000r\000u\000k\000t\000o\000r\000a}{section.4.18}% 229
\BOOKMARK [3][-]{subsubsection.4.18.2.1}{\376\377\000s\000t\000a\000c\000k\000\137\000a\000r\000r\000a\000y}{subsection.4.18.2}% 230
\BOOKMARK [3][-]{subsubsection.4.18.2.2}{\376\377\000s\000t\000a\000c\000k\000\137\000a\000r\000r\000a\000y}{subsection.4.18.2}% 231
\BOOKMARK [2][-]{subsection.4.18.3}{\376\377\000D\000o\000k\000u\000m\000e\000n\000t\000a\000c\000j\000a\000\040\000f\000u\000n\000k\000c\000j\000i\000\040\000s\000k\001\102\000a\000d\000o\000w\000y\000c\000h}{section.4.18}% 232
\BOOKMARK [3][-]{subsubsection.4.18.3.1}{\376\377\000c\000l\000e\000a\000r}{subsection.4.18.3}% 233
\BOOKMARK [3][-]{subsubsection.4.18.3.2}{\376\377\000i\000s\000\137\000e\000m\000p\000t\000y}{subsection.4.18.3}% 234
\BOOKMARK [3][-]{subsubsection.4.18.3.3}{\376\377\000p\000o\000p}{subsection.4.18.3}% 235
\BOOKMARK [3][-]{subsubsection.4.18.3.4}{\376\377\000p\000u\000s\000h}{subsection.4.18.3}% 236
\BOOKMARK [3][-]{subsubsection.4.18.3.5}{\376\377\000s\000i\000z\000e}{subsection.4.18.3}% 237
\BOOKMARK [2][-]{subsection.4.18.4}{\376\377\000D\000o\000k\000u\000m\000e\000n\000t\000a\000c\000j\000a\000\040\000a\000t\000r\000y\000b\000u\000t\000\363\000w\000\040\000s\000k\001\102\000a\000d\000o\000w\000y\000c\000h}{section.4.18}% 238
\BOOKMARK [3][-]{subsubsection.4.18.4.1}{\376\377\000f}{subsection.4.18.4}% 239
\BOOKMARK [3][-]{subsubsection.4.18.4.2}{\376\377\000s}{subsection.4.18.4}% 240
\BOOKMARK [3][-]{subsubsection.4.18.4.3}{\376\377\000s\000p}{subsection.4.18.4}% 241
\BOOKMARK [3][-]{subsubsection.4.18.4.4}{\376\377\000s\000t}{subsection.4.18.4}% 242
\BOOKMARK [1][-]{section.4.19}{\376\377\000D\000o\000k\000u\000m\000e\000n\000t\000a\000c\000j\000a\000\040\000s\000z\000a\000b\000l\000o\000n\000u\000\040\000k\000l\000a\000s\000y\000\040\000s\000t\000a\000c\000k\000\137\000l\000i\000s\000t\000<\000\040\000T\000Y\000P\000\040\000>}{chapter.4}% 243
\BOOKMARK [2][-]{subsection.4.19.1}{\376\377\000O\000p\000i\000s\000\040\000s\000z\000c\000z\000e\000g\000\363\001\102\000o\000w\000y}{section.4.19}% 244
\BOOKMARK [2][-]{subsection.4.19.2}{\376\377\000D\000o\000k\000u\000m\000e\000n\000t\000a\000c\000j\000a\000\040\000f\000u\000n\000k\000c\000j\000i\000\040\000s\000k\001\102\000a\000d\000o\000w\000y\000c\000h}{section.4.19}% 245
\BOOKMARK [3][-]{subsubsection.4.19.2.1}{\376\377\000c\000l\000e\000a\000r}{subsection.4.19.2}% 246
\BOOKMARK [3][-]{subsubsection.4.19.2.2}{\376\377\000i\000s\000\137\000e\000m\000p\000t\000y}{subsection.4.19.2}% 247
\BOOKMARK [3][-]{subsubsection.4.19.2.3}{\376\377\000p\000o\000p}{subsection.4.19.2}% 248
\BOOKMARK [3][-]{subsubsection.4.19.2.4}{\376\377\000p\000u\000s\000h}{subsection.4.19.2}% 249
\BOOKMARK [3][-]{subsubsection.4.19.2.5}{\376\377\000s\000i\000z\000e}{subsection.4.19.2}% 250
\BOOKMARK [2][-]{subsection.4.19.3}{\376\377\000D\000o\000k\000u\000m\000e\000n\000t\000a\000c\000j\000a\000\040\000a\000t\000r\000y\000b\000u\000t\000\363\000w\000\040\000s\000k\001\102\000a\000d\000o\000w\000y\000c\000h}{section.4.19}% 251
\BOOKMARK [3][-]{subsubsection.4.19.3.1}{\376\377\000s\000t}{subsection.4.19.3}% 252
\BOOKMARK [1][-]{section.4.20}{\376\377\000D\000o\000k\000u\000m\000e\000n\000t\000a\000c\000j\000a\000\040\000k\000l\000a\000s\000y\000\040\000s\000t\000o\000s\000\137\000l\000i\000s\000t\000a}{chapter.4}% 253
\BOOKMARK [2][-]{subsection.4.20.1}{\376\377\000O\000p\000i\000s\000\040\000s\000z\000c\000z\000e\000g\000\363\001\102\000o\000w\000y}{section.4.20}% 254
\BOOKMARK [2][-]{subsection.4.20.2}{\376\377\000D\000o\000k\000u\000m\000e\000n\000t\000a\000c\000j\000a\000\040\000k\000o\000n\000s\000t\000r\000u\000k\000t\000o\000r\000a\000\040\000i\000\040\000d\000e\000s\000t\000r\000u\000k\000t\000o\000r\000a}{section.4.20}% 255
\BOOKMARK [3][-]{subsubsection.4.20.2.1}{\376\377\000s\000t\000o\000s\000\137\000l\000i\000s\000t\000a}{subsection.4.20.2}% 256
\BOOKMARK [2][-]{subsection.4.20.3}{\376\377\000D\000o\000k\000u\000m\000e\000n\000t\000a\000c\000j\000a\000\040\000f\000u\000n\000k\000c\000j\000i\000\040\000s\000k\001\102\000a\000d\000o\000w\000y\000c\000h}{section.4.20}% 257
\BOOKMARK [3][-]{subsubsection.4.20.3.1}{\376\377\000p\000r\000z\000e\000l\000i\000c\000z}{subsection.4.20.3}% 258
\BOOKMARK [2][-]{subsection.4.20.4}{\376\377\000D\000o\000k\000u\000m\000e\000n\000t\000a\000c\000j\000a\000\040\000a\000t\000r\000y\000b\000u\000t\000\363\000w\000\040\000s\000k\001\102\000a\000d\000o\000w\000y\000c\000h}{section.4.20}% 259
\BOOKMARK [3][-]{subsubsection.4.20.4.1}{\376\377\000s\000t\000o\000s}{subsection.4.20.4}% 260
\BOOKMARK [1][-]{section.4.21}{\376\377\000D\000o\000k\000u\000m\000e\000n\000t\000a\000c\000j\000a\000\040\000k\000l\000a\000s\000y\000\040\000s\000t\000o\000s\000\137\000t\000a\000b\000l\000i\000c\000a}{chapter.4}% 261
\BOOKMARK [2][-]{subsection.4.21.1}{\376\377\000O\000p\000i\000s\000\040\000s\000z\000c\000z\000e\000g\000\363\001\102\000o\000w\000y}{section.4.21}% 262
\BOOKMARK [2][-]{subsection.4.21.2}{\376\377\000D\000o\000k\000u\000m\000e\000n\000t\000a\000c\000j\000a\000\040\000k\000o\000n\000s\000t\000r\000u\000k\000t\000o\000r\000a\000\040\000i\000\040\000d\000e\000s\000t\000r\000u\000k\000t\000o\000r\000a}{section.4.21}% 263
\BOOKMARK [3][-]{subsubsection.4.21.2.1}{\376\377\000s\000t\000o\000s\000\137\000t\000a\000b\000l\000i\000c\000a}{subsection.4.21.2}% 264
\BOOKMARK [2][-]{subsection.4.21.3}{\376\377\000D\000o\000k\000u\000m\000e\000n\000t\000a\000c\000j\000a\000\040\000f\000u\000n\000k\000c\000j\000i\000\040\000s\000k\001\102\000a\000d\000o\000w\000y\000c\000h}{section.4.21}% 265
\BOOKMARK [3][-]{subsubsection.4.21.3.1}{\376\377\000p\000r\000z\000e\000l\000i\000c\000z}{subsection.4.21.3}% 266
\BOOKMARK [2][-]{subsection.4.21.4}{\376\377\000D\000o\000k\000u\000m\000e\000n\000t\000a\000c\000j\000a\000\040\000a\000t\000r\000y\000b\000u\000t\000\363\000w\000\040\000s\000k\001\102\000a\000d\000o\000w\000y\000c\000h}{section.4.21}% 267
\BOOKMARK [3][-]{subsubsection.4.21.4.1}{\376\377\000s\000t\000o\000s}{subsection.4.21.4}% 268
\BOOKMARK [1][-]{section.4.22}{\376\377\000D\000o\000k\000u\000m\000e\000n\000t\000a\000c\000j\000a\000\040\000k\000l\000a\000s\000y\000\040\000t\000a\000b\000\137\000a\000s\000o}{chapter.4}% 269
\BOOKMARK [2][-]{subsection.4.22.1}{\376\377\000O\000p\000i\000s\000\040\000s\000z\000c\000z\000e\000g\000\363\001\102\000o\000w\000y}{section.4.22}% 270
\BOOKMARK [2][-]{subsection.4.22.2}{\376\377\000D\000o\000k\000u\000m\000e\000n\000t\000a\000c\000j\000a\000\040\000k\000o\000n\000s\000t\000r\000u\000k\000t\000o\000r\000a\000\040\000i\000\040\000d\000e\000s\000t\000r\000u\000k\000t\000o\000r\000a}{section.4.22}% 271
\BOOKMARK [3][-]{subsubsection.4.22.2.1}{\376\377\000t\000a\000b\000\137\000a\000s\000o}{subsection.4.22.2}% 272
\BOOKMARK [2][-]{subsection.4.22.3}{\376\377\000D\000o\000k\000u\000m\000e\000n\000t\000a\000c\000j\000a\000\040\000f\000u\000n\000k\000c\000j\000i\000\040\000s\000k\001\102\000a\000d\000o\000w\000y\000c\000h}{section.4.22}% 273
\BOOKMARK [3][-]{subsubsection.4.22.3.1}{\376\377\000p\000r\000z\000e\000l\000i\000c\000z}{subsection.4.22.3}% 274
\BOOKMARK [3][-]{subsubsection.4.22.3.2}{\376\377\000w\000c\000z\000y\000t\000a\000j\000\137\000k\000l\000u\000c\000z\000e}{subsection.4.22.3}% 275
\BOOKMARK [2][-]{subsection.4.22.4}{\376\377\000D\000o\000k\000u\000m\000e\000n\000t\000a\000c\000j\000a\000\040\000a\000t\000r\000y\000b\000u\000t\000\363\000w\000\040\000s\000k\001\102\000a\000d\000o\000w\000y\000c\000h}{section.4.22}% 276
\BOOKMARK [3][-]{subsubsection.4.22.4.1}{\376\377\000d}{subsection.4.22.4}% 277
\BOOKMARK [3][-]{subsubsection.4.22.4.2}{\376\377\000k\000l\000u\000c\000z\000e}{subsection.4.22.4}% 278
\BOOKMARK [1][-]{section.4.23}{\376\377\000D\000o\000k\000u\000m\000e\000n\000t\000a\000c\000j\000a\000\040\000s\000z\000a\000b\000l\000o\000n\000u\000\040\000k\000l\000a\000s\000y\000\040\000t\000a\000b\000l\000i\000c\000a\000\137\000a\000s\000o\000c\000j\000a\000c\000y\000j\000n\000a\000<\000\040\000T\000Y\000P\000\040\000>}{chapter.4}% 279
\BOOKMARK [2][-]{subsection.4.23.1}{\376\377\000O\000p\000i\000s\000\040\000s\000z\000c\000z\000e\000g\000\363\001\102\000o\000w\000y}{section.4.23}% 280
\BOOKMARK [2][-]{subsection.4.23.2}{\376\377\000D\000o\000k\000u\000m\000e\000n\000t\000a\000c\000j\000a\000\040\000k\000o\000n\000s\000t\000r\000u\000k\000t\000o\000r\000a\000\040\000i\000\040\000d\000e\000s\000t\000r\000u\000k\000t\000o\000r\000a}{section.4.23}% 281
\BOOKMARK [3][-]{subsubsection.4.23.2.1}{\376\377\000t\000a\000b\000l\000i\000c\000a\000\137\000a\000s\000o\000c\000j\000a\000c\000y\000j\000n\000a}{subsection.4.23.2}% 282
\BOOKMARK [2][-]{subsection.4.23.3}{\376\377\000D\000o\000k\000u\000m\000e\000n\000t\000a\000c\000j\000a\000\040\000f\000u\000n\000k\000c\000j\000i\000\040\000s\000k\001\102\000a\000d\000o\000w\000y\000c\000h}{section.4.23}% 283
\BOOKMARK [3][-]{subsubsection.4.23.3.1}{\376\377\000c\000z\000y\000\137\000b\000l\000o\000k\000a\000d\000a}{subsection.4.23.3}% 284
\BOOKMARK [3][-]{subsubsection.4.23.3.2}{\376\377\000c\000z\000y\000\137\000p\000u\000s\000t\000a}{subsection.4.23.3}% 285
\BOOKMARK [3][-]{subsubsection.4.23.3.3}{\376\377\000d\000o\000d\000a\000j}{subsection.4.23.3}% 286
\BOOKMARK [3][-]{subsubsection.4.23.3.4}{\376\377\000i\000n\000s\000e\000r\000t}{subsection.4.23.3}% 287
\BOOKMARK [3][-]{subsubsection.4.23.3.5}{\376\377\000o\000d\000b\000l\000o\000k\000u\000j}{subsection.4.23.3}% 288
\BOOKMARK [3][-]{subsubsection.4.23.3.6}{\376\377\000p\000o\000b\000i\000e\000r\000z}{subsection.4.23.3}% 289
\BOOKMARK [3][-]{subsubsection.4.23.3.7}{\376\377\000u\000s\000t\000a\000w}{subsection.4.23.3}% 290
\BOOKMARK [3][-]{subsubsection.4.23.3.8}{\376\377\000u\000s\000u\000n}{subsection.4.23.3}% 291
\BOOKMARK [3][-]{subsubsection.4.23.3.9}{\376\377\000w\000e\000z}{subsection.4.23.3}% 292
\BOOKMARK [3][-]{subsubsection.4.23.3.10}{\376\377\000w\000e\000z\000\137\000i\000d}{subsection.4.23.3}% 293
\BOOKMARK [3][-]{subsubsection.4.23.3.11}{\376\377\000w\000s\000t\000a\000w}{subsection.4.23.3}% 294
\BOOKMARK [3][-]{subsubsection.4.23.3.12}{\376\377\000w\000y\000p\000i\000s\000z}{subsection.4.23.3}% 295
\BOOKMARK [3][-]{subsubsection.4.23.3.13}{\376\377\000z\000a\000b\000l\000o\000k\000u\000j}{subsection.4.23.3}% 296
\BOOKMARK [3][-]{subsubsection.4.23.3.14}{\376\377\000z\000l\000i\000c\000z\000\137\000e\000l\000e\000m\000e\000n\000t\000y}{subsection.4.23.3}% 297
\BOOKMARK [3][-]{subsubsection.4.23.3.15}{\376\377\000z\000n\000a\000j\000d\000z}{subsection.4.23.3}% 298
\BOOKMARK [3][-]{subsubsection.4.23.3.16}{\376\377\000z\000n\000a\000j\000d\000z}{subsection.4.23.3}% 299
\BOOKMARK [2][-]{subsection.4.23.4}{\376\377\000D\000o\000k\000u\000m\000e\000n\000t\000a\000c\000j\000a\000\040\000a\000t\000r\000y\000b\000u\000t\000\363\000w\000\040\000s\000k\001\102\000a\000d\000o\000w\000y\000c\000h}{section.4.23}% 300
\BOOKMARK [3][-]{subsubsection.4.23.4.1}{\376\377\000b\000l\000o\000k}{subsection.4.23.4}% 301
\BOOKMARK [3][-]{subsubsection.4.23.4.2}{\376\377\000f\000o\000u\000n\000d}{subsection.4.23.4}% 302
\BOOKMARK [3][-]{subsubsection.4.23.4.3}{\376\377\000k\000e\000y}{subsection.4.23.4}% 303
\BOOKMARK [3][-]{subsubsection.4.23.4.4}{\376\377\000s}{subsection.4.23.4}% 304
\BOOKMARK [3][-]{subsubsection.4.23.4.5}{\376\377\000s\000p}{subsection.4.23.4}% 305
\BOOKMARK [3][-]{subsubsection.4.23.4.6}{\376\377\000v\000a\000l\000u\000e}{subsection.4.23.4}% 306
\BOOKMARK [1][-]{section.4.24}{\376\377\000D\000o\000k\000u\000m\000e\000n\000t\000a\000c\000j\000a\000\040\000s\000z\000a\000b\000l\000o\000n\000u\000\040\000k\000l\000a\000s\000y\000\040\000w\000e\000z\000e\000l\000<\000\040\000T\000Y\000P\000\040\000>}{chapter.4}% 307
\BOOKMARK [2][-]{subsection.4.24.1}{\376\377\000O\000p\000i\000s\000\040\000s\000z\000c\000z\000e\000g\000\363\001\102\000o\000w\000y}{section.4.24}% 308
\BOOKMARK [2][-]{subsection.4.24.2}{\376\377\000D\000o\000k\000u\000m\000e\000n\000t\000a\000c\000j\000a\000\040\000k\000o\000n\000s\000t\000r\000u\000k\000t\000o\000r\000a\000\040\000i\000\040\000d\000e\000s\000t\000r\000u\000k\000t\000o\000r\000a}{section.4.24}% 309
\BOOKMARK [3][-]{subsubsection.4.24.2.1}{\376\377\000w\000e\000z\000e\000l}{subsection.4.24.2}% 310
\BOOKMARK [3][-]{subsubsection.4.24.2.2}{\376\377\000w\000e\000z\000e\000l}{subsection.4.24.2}% 311
\BOOKMARK [3][-]{subsubsection.4.24.2.3}{\376\377\000w\000e\000z\000e\000l}{subsection.4.24.2}% 312
\BOOKMARK [2][-]{subsection.4.24.3}{\376\377\000D\000o\000k\000u\000m\000e\000n\000t\000a\000c\000j\000a\000\040\000f\000u\000n\000k\000c\000j\000i\000\040\000s\000k\001\102\000a\000d\000o\000w\000y\000c\000h}{section.4.24}% 313
\BOOKMARK [3][-]{subsubsection.4.24.3.1}{\376\377\000d\000o\000d\000a\000j\000\137\000s\000y\000n\000a}{subsection.4.24.3}% 314
\BOOKMARK [3][-]{subsubsection.4.24.3.2}{\376\377\000w\000e\000z\000\137\000k\000l\000u\000c\000z}{subsection.4.24.3}% 315
\BOOKMARK [3][-]{subsubsection.4.24.3.3}{\376\377\000w\000e\000z\000\137\000w\000a\000r\000t}{subsection.4.24.3}% 316
\BOOKMARK [3][-]{subsubsection.4.24.3.4}{\376\377\000z\000n\000a\000j\000d\000z\000\137\000n\000a\000s\000t}{subsection.4.24.3}% 317
\BOOKMARK [2][-]{subsection.4.24.4}{\376\377\000D\000o\000k\000u\000m\000e\000n\000t\000a\000c\000j\000a\000\040\000a\000t\000r\000y\000b\000u\000t\000\363\000w\000\040\000s\000k\001\102\000a\000d\000o\000w\000y\000c\000h}{section.4.24}% 318
\BOOKMARK [3][-]{subsubsection.4.24.4.1}{\376\377\000f\000l\000a\000g}{subsection.4.24.4}% 319
\BOOKMARK [3][-]{subsubsection.4.24.4.2}{\376\377\000k\000l\000u\000c\000z}{subsection.4.24.4}% 320
\BOOKMARK [3][-]{subsubsection.4.24.4.3}{\376\377\000l\000s\000y\000n}{subsection.4.24.4}% 321
\BOOKMARK [3][-]{subsubsection.4.24.4.4}{\376\377\000o\000j\000c\000i\000e\000c}{subsection.4.24.4}% 322
\BOOKMARK [3][-]{subsubsection.4.24.4.5}{\376\377\000p\000s\000y\000n}{subsection.4.24.4}% 323
\BOOKMARK [3][-]{subsubsection.4.24.4.6}{\376\377\000w\000a\000r\000t}{subsection.4.24.4}% 324
\BOOKMARK [1][-]{section.4.25}{\376\377\000D\000o\000k\000u\000m\000e\000n\000t\000a\000c\000j\000a\000\040\000k\000l\000a\000s\000y\000\040\000w\000i\000e\000r\000z\000c\000h\000o\000l\000e\000k}{chapter.4}% 325
\BOOKMARK [2][-]{subsection.4.25.1}{\376\377\000O\000p\000i\000s\000\040\000s\000z\000c\000z\000e\000g\000\363\001\102\000o\000w\000y}{section.4.25}% 326
\BOOKMARK [2][-]{subsection.4.25.2}{\376\377\000D\000o\000k\000u\000m\000e\000n\000t\000a\000c\000j\000a\000\040\000k\000o\000n\000s\000t\000r\000u\000k\000t\000o\000r\000a\000\040\000i\000\040\000d\000e\000s\000t\000r\000u\000k\000t\000o\000r\000a}{section.4.25}% 327
\BOOKMARK [3][-]{subsubsection.4.25.2.1}{\376\377\000w\000i\000e\000r\000z\000c\000h\000o\000l\000e\000k}{subsection.4.25.2}% 328
\BOOKMARK [2][-]{subsection.4.25.3}{\376\377\000D\000o\000k\000u\000m\000e\000n\000t\000a\000c\000j\000a\000\040\000p\000r\000z\000y\000j\000a\000c\000i\000\363\001\102\000\040\000i\000\040\000f\000u\000n\000k\000c\000j\000i\000\040\000z\000w\000i\001\005\000z\000a\000n\000y\000c\000h}{section.4.25}% 329
\BOOKMARK [3][-]{subsubsection.4.25.3.1}{\376\377\000g\000r\000a\000f}{subsection.4.25.3}% 330
\BOOKMARK [2][-]{subsection.4.25.4}{\376\377\000D\000o\000k\000u\000m\000e\000n\000t\000a\000c\000j\000a\000\040\000a\000t\000r\000y\000b\000u\000t\000\363\000w\000\040\000s\000k\001\102\000a\000d\000o\000w\000y\000c\000h}{section.4.25}% 331
\BOOKMARK [3][-]{subsubsection.4.25.4.1}{\376\377\000i\000d}{subsection.4.25.4}% 332
\BOOKMARK [3][-]{subsubsection.4.25.4.2}{\376\377\000w\000a\000g\000a}{subsection.4.25.4}% 333
\BOOKMARK [0][-]{chapter.5}{\376\377\000D\000o\000k\000u\000m\000e\000n\000t\000a\000c\000j\000a\000\040\000p\000l\000i\000k\000\363\000w}{}% 334
\BOOKMARK [1][-]{section.5.1}{\376\377\000D\000o\000k\000u\000m\000e\000n\000t\000a\000c\000j\000a\000\040\000p\000l\000i\000k\000u\000\040\000a\000l\000g\000o\000r\000y\000t\000m\000.\000c\000p\000p}{chapter.5}% 335
\BOOKMARK [2][-]{subsection.5.1.1}{\376\377\000O\000p\000i\000s\000\040\000s\000z\000c\000z\000e\000g\000\363\001\102\000o\000w\000y}{section.5.1}% 336
\BOOKMARK [1][-]{section.5.2}{\376\377\000D\000o\000k\000u\000m\000e\000n\000t\000a\000c\000j\000a\000\040\000p\000l\000i\000k\000u\000\040\000a\000l\000g\000o\000r\000y\000t\000m\000.\000h\000h}{chapter.5}% 337
\BOOKMARK [2][-]{subsection.5.2.1}{\376\377\000O\000p\000i\000s\000\040\000s\000z\000c\000z\000e\000g\000\363\001\102\000o\000w\000y}{section.5.2}% 338
\BOOKMARK [1][-]{section.5.3}{\376\377\000D\000o\000k\000u\000m\000e\000n\000t\000a\000c\000j\000a\000\040\000p\000l\000i\000k\000u\000\040\000d\000r\000z\000e\000w\000o\000.\000h\000h}{chapter.5}% 339
\BOOKMARK [2][-]{subsection.5.3.1}{\376\377\000O\000p\000i\000s\000\040\000s\000z\000c\000z\000e\000g\000\363\001\102\000o\000w\000y}{section.5.3}% 340
\BOOKMARK [2][-]{subsection.5.3.2}{\376\377\000D\000o\000k\000u\000m\000e\000n\000t\000a\000c\000j\000a\000\040\000t\000y\000p\000\363\000w\000\040\000w\000y\000l\000i\000c\000z\000a\000n\000y\000c\000h}{section.5.3}% 341
\BOOKMARK [3][-]{subsubsection.5.3.2.1}{\376\377\000s\000y\000n}{subsection.5.3.2}% 342
\BOOKMARK [1][-]{section.5.4}{\376\377\000D\000o\000k\000u\000m\000e\000n\000t\000a\000c\000j\000a\000\040\000p\000l\000i\000k\000u\000\040\000g\000r\000a\000f\000.\000c\000p\000p}{chapter.5}% 343
\BOOKMARK [2][-]{subsection.5.4.1}{\376\377\000D\000o\000k\000u\000m\000e\000n\000t\000a\000c\000j\000a\000\040\000z\000m\000i\000e\000n\000n\000y\000c\000h}{section.5.4}% 344
\BOOKMARK [3][-]{subsubsection.5.4.1.1}{\376\377\000v\000e\000c}{subsection.5.4.1}% 345
\BOOKMARK [1][-]{section.5.5}{\376\377\000D\000o\000k\000u\000m\000e\000n\000t\000a\000c\000j\000a\000\040\000p\000l\000i\000k\000u\000\040\000g\000r\000a\000f\000.\000h\000h}{chapter.5}% 346
\BOOKMARK [2][-]{subsection.5.5.1}{\376\377\000O\000p\000i\000s\000\040\000s\000z\000c\000z\000e\000g\000\363\001\102\000o\000w\000y}{section.5.5}% 347
\BOOKMARK [1][-]{section.5.6}{\376\377\000D\000o\000k\000u\000m\000e\000n\000t\000a\000c\000j\000a\000\040\000p\000l\000i\000k\000u\000\040\000h\000a\000s\000h\000t\000a\000b\000.\000h\000h}{chapter.5}% 348
\BOOKMARK [2][-]{subsection.5.6.1}{\376\377\000O\000p\000i\000s\000\040\000s\000z\000c\000z\000e\000g\000\363\001\102\000o\000w\000y}{section.5.6}% 349
\BOOKMARK [1][-]{section.5.7}{\376\377\000D\000o\000k\000u\000m\000e\000n\000t\000a\000c\000j\000a\000\040\000p\000l\000i\000k\000u\000\040\000k\000o\000l\000e\000j\000k\000a\000.\000h\000h}{chapter.5}% 350
\BOOKMARK [2][-]{subsection.5.7.1}{\376\377\000O\000p\000i\000s\000\040\000s\000z\000c\000z\000e\000g\000\363\001\102\000o\000w\000y}{section.5.7}% 351
\BOOKMARK [1][-]{section.5.8}{\376\377\000D\000o\000k\000u\000m\000e\000n\000t\000a\000c\000j\000a\000\040\000p\000l\000i\000k\000u\000\040\000m\000a\000i\000n\000.\000c\000p\000p}{chapter.5}% 352
\BOOKMARK [2][-]{subsection.5.8.1}{\376\377\000O\000p\000i\000s\000\040\000s\000z\000c\000z\000e\000g\000\363\001\102\000o\000w\000y}{section.5.8}% 353
\BOOKMARK [2][-]{subsection.5.8.2}{\376\377\000D\000o\000k\000u\000m\000e\000n\000t\000a\000c\000j\000a\000\040\000f\000u\000n\000k\000c\000j\000i}{section.5.8}% 354
\BOOKMARK [3][-]{subsubsection.5.8.2.1}{\376\377\000m\000a\000i\000n}{subsection.5.8.2}% 355
\BOOKMARK [1][-]{section.5.9}{\376\377\000D\000o\000k\000u\000m\000e\000n\000t\000a\000c\000j\000a\000\040\000p\000l\000i\000k\000u\000\040\000o\000p\000e\000r\000a\000c\000j\000e\000.\000c\000p\000p}{chapter.5}% 356
\BOOKMARK [1][-]{section.5.10}{\376\377\000D\000o\000k\000u\000m\000e\000n\000t\000a\000c\000j\000a\000\040\000p\000l\000i\000k\000u\000\040\000o\000p\000e\000r\000a\000c\000j\000e\000.\000h\000h}{chapter.5}% 357
\BOOKMARK [2][-]{subsection.5.10.1}{\376\377\000D\000o\000k\000u\000m\000e\000n\000t\000a\000c\000j\000a\000\040\000d\000e\000f\000i\000n\000i\000c\000j\000i}{section.5.10}% 358
\BOOKMARK [3][-]{subsubsection.5.10.1.1}{\376\377\000R\000O\000Z\000M\000I\000A\000R}{subsection.5.10.1}% 359
\BOOKMARK [1][-]{section.5.11}{\376\377\000D\000o\000k\000u\000m\000e\000n\000t\000a\000c\000j\000a\000\040\000p\000l\000i\000k\000u\000\040\000s\000t\000a\000t\000y\000s\000t\000y\000k\000i\000.\000c\000p\000p}{chapter.5}% 360
\BOOKMARK [2][-]{subsection.5.11.1}{\376\377\000D\000o\000k\000u\000m\000e\000n\000t\000a\000c\000j\000a\000\040\000f\000u\000n\000k\000c\000j\000i}{section.5.11}% 361
\BOOKMARK [3][-]{subsubsection.5.11.1.1}{\376\377\000o\000d\000c\000h\000y\000l\000e\000n\000i\000e\000\137\000s\000t\000a\000n\000d\000a\000r\000d\000o\000w\000e}{subsection.5.11.1}% 362
\BOOKMARK [3][-]{subsubsection.5.11.1.2}{\376\377\000s\000r\000e\000d\000n\000i\000a}{subsection.5.11.1}% 363
\BOOKMARK [1][-]{section.5.12}{\376\377\000D\000o\000k\000u\000m\000e\000n\000t\000a\000c\000j\000a\000\040\000p\000l\000i\000k\000u\000\040\000s\000t\000a\000t\000y\000s\000t\000y\000k\000i\000.\000h\000h}{chapter.5}% 364
\BOOKMARK [2][-]{subsection.5.12.1}{\376\377\000O\000p\000i\000s\000\040\000s\000z\000c\000z\000e\000g\000\363\001\102\000o\000w\000y}{section.5.12}% 365
\BOOKMARK [2][-]{subsection.5.12.2}{\376\377\000D\000o\000k\000u\000m\000e\000n\000t\000a\000c\000j\000a\000\040\000f\000u\000n\000k\000c\000j\000i}{section.5.12}% 366
\BOOKMARK [3][-]{subsubsection.5.12.2.1}{\376\377\000o\000d\000c\000h\000y\000l\000e\000n\000i\000e\000\137\000s\000t\000a\000n\000d\000a\000r\000d\000o\000w\000e}{subsection.5.12.2}% 367
\BOOKMARK [3][-]{subsubsection.5.12.2.2}{\376\377\000s\000r\000e\000d\000n\000i\000a}{subsection.5.12.2}% 368
\BOOKMARK [1][-]{section.5.13}{\376\377\000D\000o\000k\000u\000m\000e\000n\000t\000a\000c\000j\000a\000\040\000p\000l\000i\000k\000u\000\040\000s\000t\000o\000s\000.\000h\000h}{chapter.5}% 369
\BOOKMARK [2][-]{subsection.5.13.1}{\376\377\000O\000p\000i\000s\000\040\000s\000z\000c\000z\000e\000g\000\363\001\102\000o\000w\000y}{section.5.13}% 370
\BOOKMARK [2][-]{subsection.5.13.2}{\376\377\000D\000o\000k\000u\000m\000e\000n\000t\000a\000c\000j\000a\000\040\000t\000y\000p\000\363\000w\000\040\000w\000y\000l\000i\000c\000z\000a\000n\000y\000c\000h}{section.5.13}% 371
\BOOKMARK [3][-]{subsubsection.5.13.2.1}{\376\377\000f\000l\000a\000g}{subsection.5.13.2}% 372
\BOOKMARK [1][-]{section.5.14}{\376\377\000D\000o\000k\000u\000m\000e\000n\000t\000a\000c\000j\000a\000\040\000p\000l\000i\000k\000u\000\040\000s\000t\000r\000\137\000o\000p\000e\000r\000a\000c\000j\000e\000.\000c\000p\000p}{chapter.5}% 373
\BOOKMARK [2][-]{subsection.5.14.1}{\376\377\000D\000o\000k\000u\000m\000e\000n\000t\000a\000c\000j\000a\000\040\000f\000u\000n\000k\000c\000j\000i}{section.5.14}% 374
\BOOKMARK [3][-]{subsubsection.5.14.1.1}{\376\377\000o\000p\000e\000r\000a\000t\000o\000r\000<}{subsection.5.14.1}% 375
\BOOKMARK [3][-]{subsubsection.5.14.1.2}{\376\377\000o\000p\000e\000r\000a\000t\000o\000r\000<\000=}{subsection.5.14.1}% 376
\BOOKMARK [3][-]{subsubsection.5.14.1.3}{\376\377\000o\000p\000e\000r\000a\000t\000o\000r\000=\000=}{subsection.5.14.1}% 377
\BOOKMARK [3][-]{subsubsection.5.14.1.4}{\376\377\000o\000p\000e\000r\000a\000t\000o\000r\000>}{subsection.5.14.1}% 378
\BOOKMARK [3][-]{subsubsection.5.14.1.5}{\376\377\000o\000p\000e\000r\000a\000t\000o\000r\000>\000=}{subsection.5.14.1}% 379
\BOOKMARK [1][-]{section.5.15}{\376\377\000D\000o\000k\000u\000m\000e\000n\000t\000a\000c\000j\000a\000\040\000p\000l\000i\000k\000u\000\040\000s\000t\000r\000\137\000o\000p\000e\000r\000a\000c\000j\000e\000.\000h\000h}{chapter.5}% 380
\BOOKMARK [2][-]{subsection.5.15.1}{\376\377\000D\000o\000k\000u\000m\000e\000n\000t\000a\000c\000j\000a\000\040\000f\000u\000n\000k\000c\000j\000i}{section.5.15}% 381
\BOOKMARK [3][-]{subsubsection.5.15.1.1}{\376\377\000o\000p\000e\000r\000a\000t\000o\000r\000<}{subsection.5.15.1}% 382
\BOOKMARK [3][-]{subsubsection.5.15.1.2}{\376\377\000o\000p\000e\000r\000a\000t\000o\000r\000<\000=}{subsection.5.15.1}% 383
\BOOKMARK [3][-]{subsubsection.5.15.1.3}{\376\377\000o\000p\000e\000r\000a\000t\000o\000r\000=\000=}{subsection.5.15.1}% 384
\BOOKMARK [3][-]{subsubsection.5.15.1.4}{\376\377\000o\000p\000e\000r\000a\000t\000o\000r\000>}{subsection.5.15.1}% 385
\BOOKMARK [3][-]{subsubsection.5.15.1.5}{\376\377\000o\000p\000e\000r\000a\000t\000o\000r\000>\000=}{subsection.5.15.1}% 386
\BOOKMARK [1][-]{section.5.16}{\376\377\000D\000o\000k\000u\000m\000e\000n\000t\000a\000c\000j\000a\000\040\000p\000l\000i\000k\000u\000\040\000s\000t\000r\000o\000n\000a\000.\000d\000o\000x}{chapter.5}% 387
\BOOKMARK [1][-]{section.5.17}{\376\377\000D\000o\000k\000u\000m\000e\000n\000t\000a\000c\000j\000a\000\040\000p\000l\000i\000k\000u\000\040\000t\000a\000b\000l\000i\000c\000a\000\137\000a\000s\000o\000c\000j\000a\000c\000y\000j\000n\000a\000.\000h\000h}{chapter.5}% 388
\BOOKMARK [2][-]{subsection.5.17.1}{\376\377\000O\000p\000i\000s\000\040\000s\000z\000c\000z\000e\000g\000\363\001\102\000o\000w\000y}{section.5.17}% 389
\BOOKMARK [0][-]{section*.93}{\376\377\000I\000n\000d\000e\000k\000s}{}% 390
