

*******************************************************************************
Sat Mar 15 22:36:23 2014


FIT:    data read from 'out1.csv'
        format = z
        #datapoints = 4
        residuals are weighted equally (unit weight)

function used for fitting: f(x)


*******************************************************************************
Sat Mar 15 22:36:39 2014


FIT:    data read from 'out1.csv'
        format = z
        #datapoints = 4
        residuals are weighted equally (unit weight)

function used for fitting: f(x)
fitted parameters initialized with current variable values

BREAK:          no parameter specified



*******************************************************************************
Sat Mar 15 22:37:50 2014


FIT:    data read from 'out1.csv'
        format = z
        #datapoints = 4
        residuals are weighted equally (unit weight)

function used for fitting: f(x)
fitted parameters initialized with current variable values



*******************************************************************************
Sat Mar 15 22:39:19 2014


FIT:    data read from 'out1.csv' using 1:2
        format = x:z
        #datapoints = 4
        residuals are weighted equally (unit weight)

function used for fitting: f(x)
fitted parameters initialized with current variable values



*******************************************************************************
Sat Mar 15 22:41:10 2014


FIT:    data read from 'out1.csv' using 1:2
        format = x:z
        #datapoints = 4
        residuals are weighted equally (unit weight)

function used for fitting: f(x)
fitted parameters initialized with current variable values

BREAK:          Undefined value during function evaluation



*******************************************************************************
Sat Mar 15 22:42:20 2014


FIT:    data read from 'out1.csv' using 1:2
        format = x:z
        #datapoints = 4
        residuals are weighted equally (unit weight)

function used for fitting: f(x)
fitted parameters initialized with current variable values

BREAK:          Undefined value during function evaluation



*******************************************************************************
Sat Mar 15 22:42:40 2014


FIT:    data read from 'out1.csv' using 1:2
        format = x:z
        #datapoints = 4
        residuals are weighted equally (unit weight)

function used for fitting: f(x)
fitted parameters initialized with current variable values

BREAK:          Undefined value during function evaluation



*******************************************************************************
Sat Mar 15 22:44:12 2014


FIT:    data read from 'out1.csv' using 1:2
        format = x:z
        #datapoints = 4
        residuals are weighted equally (unit weight)

function used for fitting: f(x)
fitted parameters initialized with current variable values



 Iteration 0
 WSSR        : 4.00039e+16       delta(WSSR)/WSSR   : 0
 delta(WSSR) : 0                 limit for stopping : 0.0001
 lambda	  : 5.00025e+07

initial set of free parameter values

a               = 2

After 5 iterations the fit converged.
final sum of squares of residuals : 113.169
rel. change during last iteration : -3.26488e-15

degrees of freedom    (FIT_NDF)                        : 3
rms of residuals      (FIT_STDFIT) = sqrt(WSSR/ndf)    : 6.14189
variance of residuals (reduced chisquare) = WSSR/ndf   : 37.7229

Final set of parameters            Asymptotic Standard Error
=======================            ==========================

a               = 2.78715e-06      +/- 6.142e-08    (2.204%)


correlation matrix of the fit parameters:

               a      
a               1.000 


*******************************************************************************
Sat Mar 15 22:45:26 2014


FIT:    data read from 'out1.csv' using 1:2
        format = x:z
        #datapoints = 4
        residuals are weighted equally (unit weight)

function used for fitting: f(x)
fitted parameters initialized with current variable values



 Iteration 0
 WSSR        : 3.9292e+08        delta(WSSR)/WSSR   : 0
 delta(WSSR) : 0                 limit for stopping : 0.0001
 lambda	  : 5025.19

initial set of free parameter values

a               = 2

After 4 iterations the fit converged.
final sum of squares of residuals : 211.72
rel. change during last iteration : -2.88517e-10

degrees of freedom    (FIT_NDF)                        : 3
rms of residuals      (FIT_STDFIT) = sqrt(WSSR/ndf)    : 8.40079
variance of residuals (reduced chisquare) = WSSR/ndf   : 70.5734

Final set of parameters            Asymptotic Standard Error
=======================            ==========================

a               = 0.0277156        +/- 0.0008359    (3.016%)


correlation matrix of the fit parameters:

               a      
a               1.000 


*******************************************************************************
Sat Mar 15 22:46:33 2014


FIT:    data read from 'out1.csv' using 1:2
        format = x:z
        #datapoints = 4
        residuals are weighted equally (unit weight)

function used for fitting: f(x)
fitted parameters initialized with current variable values



 Iteration 0
 WSSR        : 3.9292e+08        delta(WSSR)/WSSR   : 0
 delta(WSSR) : 0                 limit for stopping : 0.0001
 lambda	  : 5025.19

initial set of free parameter values

a               = 2

After 4 iterations the fit converged.
final sum of squares of residuals : 211.72
rel. change during last iteration : -2.88517e-10

degrees of freedom    (FIT_NDF)                        : 3
rms of residuals      (FIT_STDFIT) = sqrt(WSSR/ndf)    : 8.40079
variance of residuals (reduced chisquare) = WSSR/ndf   : 70.5734

Final set of parameters            Asymptotic Standard Error
=======================            ==========================

a               = 0.0277156        +/- 0.0008359    (3.016%)


correlation matrix of the fit parameters:

               a      
a               1.000 


*******************************************************************************
Sat Mar 15 22:46:51 2014


FIT:    data read from 'out1.csv' using 1:2
        format = x:z
        #datapoints = 4
        residuals are weighted equally (unit weight)

function used for fitting: f(x)
fitted parameters initialized with current variable values



 Iteration 0
 WSSR        : 3.9292e+08        delta(WSSR)/WSSR   : 0
 delta(WSSR) : 0                 limit for stopping : 0.0001
 lambda	  : 5025.19

initial set of free parameter values

a               = 2

After 4 iterations the fit converged.
final sum of squares of residuals : 211.72
rel. change during last iteration : -2.88517e-10

degrees of freedom    (FIT_NDF)                        : 3
rms of residuals      (FIT_STDFIT) = sqrt(WSSR/ndf)    : 8.40079
variance of residuals (reduced chisquare) = WSSR/ndf   : 70.5734

Final set of parameters            Asymptotic Standard Error
=======================            ==========================

a               = 0.0277156        +/- 0.0008359    (3.016%)


correlation matrix of the fit parameters:

               a      
a               1.000 


*******************************************************************************
Sat Mar 15 22:47:36 2014


FIT:    data read from 'out1.csv' using 1:2
        format = x:z
        #datapoints = 4
        residuals are weighted equally (unit weight)

function used for fitting: f(x)
fitted parameters initialized with current variable values



 Iteration 0
 WSSR        : 3.9292e+08        delta(WSSR)/WSSR   : 0
 delta(WSSR) : 0                 limit for stopping : 0.0001
 lambda	  : 5025.19

initial set of free parameter values

a               = 2

After 4 iterations the fit converged.
final sum of squares of residuals : 211.72
rel. change during last iteration : -2.88517e-10

degrees of freedom    (FIT_NDF)                        : 3
rms of residuals      (FIT_STDFIT) = sqrt(WSSR/ndf)    : 8.40079
variance of residuals (reduced chisquare) = WSSR/ndf   : 70.5734

Final set of parameters            Asymptotic Standard Error
=======================            ==========================

a               = 0.0277156        +/- 0.0008359    (3.016%)


correlation matrix of the fit parameters:

               a      
a               1.000 


*******************************************************************************
Sat Mar 15 22:48:40 2014


FIT:    data read from 'out1.csv' using 1:2
        format = x:z
        #datapoints = 4
        residuals are weighted equally (unit weight)

function used for fitting: f(x)
fitted parameters initialized with current variable values



 Iteration 0
 WSSR        : 3.9292e+08        delta(WSSR)/WSSR   : 0
 delta(WSSR) : 0                 limit for stopping : 0.0001
 lambda	  : 5025.19

initial set of free parameter values

a               = 2

After 4 iterations the fit converged.
final sum of squares of residuals : 211.72
rel. change during last iteration : -2.88517e-10

degrees of freedom    (FIT_NDF)                        : 3
rms of residuals      (FIT_STDFIT) = sqrt(WSSR/ndf)    : 8.40079
variance of residuals (reduced chisquare) = WSSR/ndf   : 70.5734

Final set of parameters            Asymptotic Standard Error
=======================            ==========================

a               = 0.0277156        +/- 0.0008359    (3.016%)


correlation matrix of the fit parameters:

               a      
a               1.000 


*******************************************************************************
Sat Mar 15 22:48:56 2014


FIT:    data read from 'out1.csv' using 1:2
        format = x:z
        #datapoints = 4
        residuals are weighted equally (unit weight)

function used for fitting: f(x)
fitted parameters initialized with current variable values



 Iteration 0
 WSSR        : 3.9292e+08        delta(WSSR)/WSSR   : 0
 delta(WSSR) : 0                 limit for stopping : 0.0001
 lambda	  : 5025.19

initial set of free parameter values

a               = 2

After 4 iterations the fit converged.
final sum of squares of residuals : 211.72
rel. change during last iteration : -2.88517e-10

degrees of freedom    (FIT_NDF)                        : 3
rms of residuals      (FIT_STDFIT) = sqrt(WSSR/ndf)    : 8.40079
variance of residuals (reduced chisquare) = WSSR/ndf   : 70.5734

Final set of parameters            Asymptotic Standard Error
=======================            ==========================

a               = 0.0277156        +/- 0.0008359    (3.016%)


correlation matrix of the fit parameters:

               a      
a               1.000 


*******************************************************************************
Sat Mar 15 22:49:47 2014


FIT:    data read from 'out1.csv' using 1:2
        format = x:z
        #datapoints = 4
        residuals are weighted equally (unit weight)

function used for fitting: f(x)
fitted parameters initialized with current variable values



 Iteration 0
 WSSR        : 3.9292e+08        delta(WSSR)/WSSR   : 0
 delta(WSSR) : 0                 limit for stopping : 0.0001
 lambda	  : 5025.19

initial set of free parameter values

a               = 2

After 4 iterations the fit converged.
final sum of squares of residuals : 211.72
rel. change during last iteration : -2.88517e-10

degrees of freedom    (FIT_NDF)                        : 3
rms of residuals      (FIT_STDFIT) = sqrt(WSSR/ndf)    : 8.40079
variance of residuals (reduced chisquare) = WSSR/ndf   : 70.5734

Final set of parameters            Asymptotic Standard Error
=======================            ==========================

a               = 0.0277156        +/- 0.0008359    (3.016%)


correlation matrix of the fit parameters:

               a      
a               1.000 


*******************************************************************************
Sat Mar 15 22:52:28 2014


FIT:    data read from 'out1.csv' using 1:2
        format = x:z
	y range restricted to [10.0000 : 20000.0]
        #datapoints = 4
        residuals are weighted equally (unit weight)

function used for fitting: f(x)
fitted parameters initialized with current variable values



 Iteration 0
 WSSR        : 3.9292e+08        delta(WSSR)/WSSR   : 0
 delta(WSSR) : 0                 limit for stopping : 0.0001
 lambda	  : 5025.19

initial set of free parameter values

a               = 2

After 4 iterations the fit converged.
final sum of squares of residuals : 211.72
rel. change during last iteration : -2.88517e-10

degrees of freedom    (FIT_NDF)                        : 3
rms of residuals      (FIT_STDFIT) = sqrt(WSSR/ndf)    : 8.40079
variance of residuals (reduced chisquare) = WSSR/ndf   : 70.5734

Final set of parameters            Asymptotic Standard Error
=======================            ==========================

a               = 0.0277156        +/- 0.0008359    (3.016%)


correlation matrix of the fit parameters:

               a      
a               1.000 


*******************************************************************************
Sat Mar 15 22:53:50 2014


FIT:    data read from 'out1.csv' using 1:2
        format = x:z
	y range restricted to [10.0000 : 20000.0]
        #datapoints = 4
        residuals are weighted equally (unit weight)

function used for fitting: f(x)
fitted parameters initialized with current variable values



 Iteration 0
 WSSR        : 4.03929e+08       delta(WSSR)/WSSR   : 0
 delta(WSSR) : 0                 limit for stopping : 0.0001
 lambda	  : 5025.19

initial set of free parameter values

a               = 2

After 4 iterations the fit converged.
final sum of squares of residuals : 0.583851
rel. change during last iteration : -1.07555e-07

degrees of freedom    (FIT_NDF)                        : 3
rms of residuals      (FIT_STDFIT) = sqrt(WSSR/ndf)    : 0.441154
variance of residuals (reduced chisquare) = WSSR/ndf   : 0.194617

Final set of parameters            Asymptotic Standard Error
=======================            ==========================

a               = 0.000275156      +/- 4.389e-05    (15.95%)


correlation matrix of the fit parameters:

               a      
a               1.000 


*******************************************************************************
Sat Mar 15 23:00:35 2014


FIT:    data read from 'out1.csv' using 1:2
        format = x:z
	y range restricted to [10.0000 : 20000.0]
        #datapoints = 4
        residuals are weighted equally (unit weight)

function used for fitting: f(x)
fitted parameters initialized with current variable values



 Iteration 0
 WSSR        : 4.03929e+08       delta(WSSR)/WSSR   : 0
 delta(WSSR) : 0                 limit for stopping : 0.0001
 lambda	  : 5025.19

initial set of free parameter values

a               = 2

After 4 iterations the fit converged.
final sum of squares of residuals : 0.583851
rel. change during last iteration : -1.07555e-07

degrees of freedom    (FIT_NDF)                        : 3
rms of residuals      (FIT_STDFIT) = sqrt(WSSR/ndf)    : 0.441154
variance of residuals (reduced chisquare) = WSSR/ndf   : 0.194617

Final set of parameters            Asymptotic Standard Error
=======================            ==========================

a               = 0.000275156      +/- 4.389e-05    (15.95%)


correlation matrix of the fit parameters:

               a      
a               1.000 


*******************************************************************************
Sat Mar 15 23:00:50 2014


FIT:    data read from 'out1.csv' using 1:2
        format = x:z
	y range restricted to [10.0000 : 20000.0]
        #datapoints = 4
        residuals are weighted equally (unit weight)

function used for fitting: f(x)
fitted parameters initialized with current variable values



 Iteration 0
 WSSR        : 4.03929e+08       delta(WSSR)/WSSR   : 0
 delta(WSSR) : 0                 limit for stopping : 0.0001
 lambda	  : 5025.19

initial set of free parameter values

a               = 2

After 4 iterations the fit converged.
final sum of squares of residuals : 0.583851
rel. change during last iteration : -1.07555e-07

degrees of freedom    (FIT_NDF)                        : 3
rms of residuals      (FIT_STDFIT) = sqrt(WSSR/ndf)    : 0.441154
variance of residuals (reduced chisquare) = WSSR/ndf   : 0.194617

Final set of parameters            Asymptotic Standard Error
=======================            ==========================

a               = 0.000275156      +/- 4.389e-05    (15.95%)


correlation matrix of the fit parameters:

               a      
a               1.000 


*******************************************************************************
Sat Mar 15 23:01:10 2014


FIT:    data read from 'out1.csv' using 1:2
        format = x:z
	y range restricted to [10.0000 : 20000.0]
        #datapoints = 4
        residuals are weighted equally (unit weight)

function used for fitting: f(x)
fitted parameters initialized with current variable values



 Iteration 0
 WSSR        : 4.03929e+08       delta(WSSR)/WSSR   : 0
 delta(WSSR) : 0                 limit for stopping : 0.0001
 lambda	  : 5025.19

initial set of free parameter values

a               = 2

After 4 iterations the fit converged.
final sum of squares of residuals : 0.583851
rel. change during last iteration : -1.07555e-07

degrees of freedom    (FIT_NDF)                        : 3
rms of residuals      (FIT_STDFIT) = sqrt(WSSR/ndf)    : 0.441154
variance of residuals (reduced chisquare) = WSSR/ndf   : 0.194617

Final set of parameters            Asymptotic Standard Error
=======================            ==========================

a               = 0.000275156      +/- 4.389e-05    (15.95%)


correlation matrix of the fit parameters:

               a      
a               1.000 


*******************************************************************************
Sat Mar 15 23:02:08 2014


FIT:    data read from 'out1.csv' using 1:2
        format = x:z
	y range restricted to [10.0000 : 20000.0]
        #datapoints = 4
        residuals are weighted equally (unit weight)

function used for fitting: f(x)
fitted parameters initialized with current variable values



 Iteration 0
 WSSR        : 4.03929e+08       delta(WSSR)/WSSR   : 0
 delta(WSSR) : 0                 limit for stopping : 0.0001
 lambda	  : 5025.19

initial set of free parameter values

a               = 2

After 4 iterations the fit converged.
final sum of squares of residuals : 0.583851
rel. change during last iteration : -1.07555e-07

degrees of freedom    (FIT_NDF)                        : 3
rms of residuals      (FIT_STDFIT) = sqrt(WSSR/ndf)    : 0.441154
variance of residuals (reduced chisquare) = WSSR/ndf   : 0.194617

Final set of parameters            Asymptotic Standard Error
=======================            ==========================

a               = 0.000275156      +/- 4.389e-05    (15.95%)


correlation matrix of the fit parameters:

               a      
a               1.000 


*******************************************************************************
Sat Mar 15 23:12:53 2014


FIT:    data read from 'out1.csv' using 1:2
        format = x:z
	y range restricted to [10.0000 : 20000.0]
        #datapoints = 4
        residuals are weighted equally (unit weight)

function used for fitting: f(x)
fitted parameters initialized with current variable values



 Iteration 0
 WSSR        : 4.03929e+08       delta(WSSR)/WSSR   : 0
 delta(WSSR) : 0                 limit for stopping : 0.0001
 lambda	  : 5025.19

initial set of free parameter values

a               = 2

After 4 iterations the fit converged.
final sum of squares of residuals : 0.583851
rel. change during last iteration : -1.07555e-07

degrees of freedom    (FIT_NDF)                        : 3
rms of residuals      (FIT_STDFIT) = sqrt(WSSR/ndf)    : 0.441154
variance of residuals (reduced chisquare) = WSSR/ndf   : 0.194617

Final set of parameters            Asymptotic Standard Error
=======================            ==========================

a               = 0.000275156      +/- 4.389e-05    (15.95%)


correlation matrix of the fit parameters:

               a      
a               1.000 


*******************************************************************************
Sat Mar 15 23:13:45 2014


FIT:    data read from 'out1.csv' using 1:2
        format = x:z
	y range restricted to [10.0000 : 20000.0]
        #datapoints = 4
        residuals are weighted equally (unit weight)

function used for fitting: f(x)
fitted parameters initialized with current variable values



 Iteration 0
 WSSR        : 4.03927e+08       delta(WSSR)/WSSR   : 0
 delta(WSSR) : 0                 limit for stopping : 0.0001
 lambda	  : 5025.19

initial set of free parameter values

a               = 2

After 4 iterations the fit converged.
final sum of squares of residuals : 0.625462
rel. change during last iteration : -1.00399e-07

degrees of freedom    (FIT_NDF)                        : 3
rms of residuals      (FIT_STDFIT) = sqrt(WSSR/ndf)    : 0.456604
variance of residuals (reduced chisquare) = WSSR/ndf   : 0.208487

Final set of parameters            Asymptotic Standard Error
=======================            ==========================

a               = 0.000281404      +/- 4.543e-05    (16.14%)


correlation matrix of the fit parameters:

               a      
a               1.000 


*******************************************************************************
Sat Mar 15 23:14:00 2014


FIT:    data read from 'out1.csv' using 1:2
        format = x:z
	y range restricted to [10.0000 : 20000.0]
        #datapoints = 4
        residuals are weighted equally (unit weight)

function used for fitting: f(x)
fitted parameters initialized with current variable values



 Iteration 0
 WSSR        : 4.03927e+08       delta(WSSR)/WSSR   : 0
 delta(WSSR) : 0                 limit for stopping : 0.0001
 lambda	  : 5025.19

initial set of free parameter values

a               = 2

After 4 iterations the fit converged.
final sum of squares of residuals : 0.625462
rel. change during last iteration : -1.00399e-07

degrees of freedom    (FIT_NDF)                        : 3
rms of residuals      (FIT_STDFIT) = sqrt(WSSR/ndf)    : 0.456604
variance of residuals (reduced chisquare) = WSSR/ndf   : 0.208487

Final set of parameters            Asymptotic Standard Error
=======================            ==========================

a               = 0.000281404      +/- 4.543e-05    (16.14%)


correlation matrix of the fit parameters:

               a      
a               1.000 


*******************************************************************************
Sat Mar 15 23:14:35 2014


FIT:    data read from 'out1.csv' using 1:2
        format = x:z
	y range restricted to [10.0000 : 20000.0]
        #datapoints = 4
        residuals are weighted equally (unit weight)

function used for fitting: f(x)
fitted parameters initialized with current variable values



 Iteration 0
 WSSR        : 4.03927e+08       delta(WSSR)/WSSR   : 0
 delta(WSSR) : 0                 limit for stopping : 0.0001
 lambda	  : 5025.19

initial set of free parameter values

a               = 2

After 4 iterations the fit converged.
final sum of squares of residuals : 0.625462
rel. change during last iteration : -1.00399e-07

degrees of freedom    (FIT_NDF)                        : 3
rms of residuals      (FIT_STDFIT) = sqrt(WSSR/ndf)    : 0.456604
variance of residuals (reduced chisquare) = WSSR/ndf   : 0.208487

Final set of parameters            Asymptotic Standard Error
=======================            ==========================

a               = 0.000281404      +/- 4.543e-05    (16.14%)


correlation matrix of the fit parameters:

               a      
a               1.000 


*******************************************************************************
Sat Mar 15 23:16:05 2014


FIT:    data read from 'out1.csv' using 1:2
        format = x:z
	y range restricted to [10.0000 : 20000.0]
        #datapoints = 4
        residuals are weighted equally (unit weight)

function used for fitting: f(x)
fitted parameters initialized with current variable values



 Iteration 0
 WSSR        : 4.03927e+08       delta(WSSR)/WSSR   : 0
 delta(WSSR) : 0                 limit for stopping : 0.0001
 lambda	  : 5025.19

initial set of free parameter values

a               = 2

After 4 iterations the fit converged.
final sum of squares of residuals : 0.625462
rel. change during last iteration : -1.00399e-07

degrees of freedom    (FIT_NDF)                        : 3
rms of residuals      (FIT_STDFIT) = sqrt(WSSR/ndf)    : 0.456604
variance of residuals (reduced chisquare) = WSSR/ndf   : 0.208487

Final set of parameters            Asymptotic Standard Error
=======================            ==========================

a               = 0.000281404      +/- 4.543e-05    (16.14%)


correlation matrix of the fit parameters:

               a      
a               1.000 


*******************************************************************************
Sat Mar 15 23:16:52 2014


FIT:    data read from 'out1.csv' using 1:2
        format = x:z
	y range restricted to [10.0000 : 20000.0]
        #datapoints = 4
        residuals are weighted equally (unit weight)

function used for fitting: f(x)
fitted parameters initialized with current variable values



 Iteration 0
 WSSR        : 4.03927e+08       delta(WSSR)/WSSR   : 0
 delta(WSSR) : 0                 limit for stopping : 0.0001
 lambda	  : 5025.19

initial set of free parameter values

a               = 2

After 4 iterations the fit converged.
final sum of squares of residuals : 0.625462
rel. change during last iteration : -1.00399e-07

degrees of freedom    (FIT_NDF)                        : 3
rms of residuals      (FIT_STDFIT) = sqrt(WSSR/ndf)    : 0.456604
variance of residuals (reduced chisquare) = WSSR/ndf   : 0.208487

Final set of parameters            Asymptotic Standard Error
=======================            ==========================

a               = 0.000281404      +/- 4.543e-05    (16.14%)


correlation matrix of the fit parameters:

               a      
a               1.000 


*******************************************************************************
Sat Mar 15 23:20:02 2014


FIT:    data read from 'out1.csv' using 1:2
        format = x:z
	y range restricted to [10.0000 : 20000.0]
        #datapoints = 4
        residuals are weighted equally (unit weight)

function used for fitting: f(x)
fitted parameters initialized with current variable values



 Iteration 0
 WSSR        : 4.03927e+08       delta(WSSR)/WSSR   : 0
 delta(WSSR) : 0                 limit for stopping : 0.0001
 lambda	  : 5025.19

initial set of free parameter values

a               = 2

After 4 iterations the fit converged.
final sum of squares of residuals : 0.625462
rel. change during last iteration : -1.00399e-07

degrees of freedom    (FIT_NDF)                        : 3
rms of residuals      (FIT_STDFIT) = sqrt(WSSR/ndf)    : 0.456604
variance of residuals (reduced chisquare) = WSSR/ndf   : 0.208487

Final set of parameters            Asymptotic Standard Error
=======================            ==========================

a               = 0.000281404      +/- 4.543e-05    (16.14%)


correlation matrix of the fit parameters:

               a      
a               1.000 


*******************************************************************************
Sat Mar 15 23:20:19 2014


FIT:    data read from 'out1.csv' using 1:2
        format = x:z
	y range restricted to [10.0000 : 20000.0]
        #datapoints = 4
        residuals are weighted equally (unit weight)

function used for fitting: f(x)
fitted parameters initialized with current variable values



 Iteration 0
 WSSR        : 4.03927e+08       delta(WSSR)/WSSR   : 0
 delta(WSSR) : 0                 limit for stopping : 0.0001
 lambda	  : 5025.19

initial set of free parameter values

a               = 2

After 4 iterations the fit converged.
final sum of squares of residuals : 0.625462
rel. change during last iteration : -1.00399e-07

degrees of freedom    (FIT_NDF)                        : 3
rms of residuals      (FIT_STDFIT) = sqrt(WSSR/ndf)    : 0.456604
variance of residuals (reduced chisquare) = WSSR/ndf   : 0.208487

Final set of parameters            Asymptotic Standard Error
=======================            ==========================

a               = 0.000281404      +/- 4.543e-05    (16.14%)


correlation matrix of the fit parameters:

               a      
a               1.000 


*******************************************************************************
Sat Mar 15 23:20:33 2014


FIT:    data read from 'out1.csv' using 1:2
        format = x:z
	y range restricted to [10.0000 : 20000.0]
        #datapoints = 4
        residuals are weighted equally (unit weight)

function used for fitting: f(x)
fitted parameters initialized with current variable values



 Iteration 0
 WSSR        : 4.03927e+08       delta(WSSR)/WSSR   : 0
 delta(WSSR) : 0                 limit for stopping : 0.0001
 lambda	  : 5025.19

initial set of free parameter values

a               = 2

After 4 iterations the fit converged.
final sum of squares of residuals : 0.625462
rel. change during last iteration : -1.00399e-07

degrees of freedom    (FIT_NDF)                        : 3
rms of residuals      (FIT_STDFIT) = sqrt(WSSR/ndf)    : 0.456604
variance of residuals (reduced chisquare) = WSSR/ndf   : 0.208487

Final set of parameters            Asymptotic Standard Error
=======================            ==========================

a               = 0.000281404      +/- 4.543e-05    (16.14%)


correlation matrix of the fit parameters:

               a      
a               1.000 


*******************************************************************************
Sat Mar 15 23:20:50 2014


FIT:    data read from 'out1.csv' using 1:2
        format = x:z
	y range restricted to [10.0000 : 20000.0]
        #datapoints = 4
        residuals are weighted equally (unit weight)

function used for fitting: f(x)
fitted parameters initialized with current variable values



 Iteration 0
 WSSR        : 4.03927e+08       delta(WSSR)/WSSR   : 0
 delta(WSSR) : 0                 limit for stopping : 0.0001
 lambda	  : 5025.19

initial set of free parameter values

a               = 2

After 4 iterations the fit converged.
final sum of squares of residuals : 0.625462
rel. change during last iteration : -1.00399e-07

degrees of freedom    (FIT_NDF)                        : 3
rms of residuals      (FIT_STDFIT) = sqrt(WSSR/ndf)    : 0.456604
variance of residuals (reduced chisquare) = WSSR/ndf   : 0.208487

Final set of parameters            Asymptotic Standard Error
=======================            ==========================

a               = 0.000281404      +/- 4.543e-05    (16.14%)


correlation matrix of the fit parameters:

               a      
a               1.000 


*******************************************************************************
Sat Mar 15 23:21:03 2014


FIT:    data read from 'out1.csv' using 1:2
        format = x:z
	y range restricted to [10.0000 : 20000.0]
        #datapoints = 4
        residuals are weighted equally (unit weight)

function used for fitting: f(x)
fitted parameters initialized with current variable values



 Iteration 0
 WSSR        : 4.03927e+08       delta(WSSR)/WSSR   : 0
 delta(WSSR) : 0                 limit for stopping : 0.0001
 lambda	  : 5025.19

initial set of free parameter values

a               = 2

After 4 iterations the fit converged.
final sum of squares of residuals : 0.625462
rel. change during last iteration : -1.00399e-07

degrees of freedom    (FIT_NDF)                        : 3
rms of residuals      (FIT_STDFIT) = sqrt(WSSR/ndf)    : 0.456604
variance of residuals (reduced chisquare) = WSSR/ndf   : 0.208487

Final set of parameters            Asymptotic Standard Error
=======================            ==========================

a               = 0.000281404      +/- 4.543e-05    (16.14%)


correlation matrix of the fit parameters:

               a      
a               1.000 


*******************************************************************************
Sat Mar 15 23:21:39 2014


FIT:    data read from 'out1.csv' using 1:2
        format = x:z
	y range restricted to [10.0000 : 20000.0]
        #datapoints = 4
        residuals are weighted equally (unit weight)

function used for fitting: f(x)
fitted parameters initialized with current variable values



 Iteration 0
 WSSR        : 4.03927e+08       delta(WSSR)/WSSR   : 0
 delta(WSSR) : 0                 limit for stopping : 0.0001
 lambda	  : 5025.19

initial set of free parameter values

a               = 2

After 4 iterations the fit converged.
final sum of squares of residuals : 0.625462
rel. change during last iteration : -1.00399e-07

degrees of freedom    (FIT_NDF)                        : 3
rms of residuals      (FIT_STDFIT) = sqrt(WSSR/ndf)    : 0.456604
variance of residuals (reduced chisquare) = WSSR/ndf   : 0.208487

Final set of parameters            Asymptotic Standard Error
=======================            ==========================

a               = 0.000281404      +/- 4.543e-05    (16.14%)


correlation matrix of the fit parameters:

               a      
a               1.000 


*******************************************************************************
Sat Mar 15 23:21:50 2014


FIT:    data read from 'out1.csv' using 1:2
        format = x:z
	y range restricted to [10.0000 : 20000.0]
        #datapoints = 4
        residuals are weighted equally (unit weight)

function used for fitting: f(x)
fitted parameters initialized with current variable values



 Iteration 0
 WSSR        : 4.03927e+08       delta(WSSR)/WSSR   : 0
 delta(WSSR) : 0                 limit for stopping : 0.0001
 lambda	  : 5025.19

initial set of free parameter values

a               = 2

After 4 iterations the fit converged.
final sum of squares of residuals : 0.625462
rel. change during last iteration : -1.00399e-07

degrees of freedom    (FIT_NDF)                        : 3
rms of residuals      (FIT_STDFIT) = sqrt(WSSR/ndf)    : 0.456604
variance of residuals (reduced chisquare) = WSSR/ndf   : 0.208487

Final set of parameters            Asymptotic Standard Error
=======================            ==========================

a               = 0.000281404      +/- 4.543e-05    (16.14%)


correlation matrix of the fit parameters:

               a      
a               1.000 


*******************************************************************************
Sat Mar 15 23:22:03 2014


FIT:    data read from 'out1.csv' using 1:2
        format = x:z
	y range restricted to [10.0000 : 20000.0]
        #datapoints = 4
        residuals are weighted equally (unit weight)

function used for fitting: f(x)
fitted parameters initialized with current variable values



 Iteration 0
 WSSR        : 4.03927e+08       delta(WSSR)/WSSR   : 0
 delta(WSSR) : 0                 limit for stopping : 0.0001
 lambda	  : 5025.19

initial set of free parameter values

a               = 2

After 4 iterations the fit converged.
final sum of squares of residuals : 0.625462
rel. change during last iteration : -1.00399e-07

degrees of freedom    (FIT_NDF)                        : 3
rms of residuals      (FIT_STDFIT) = sqrt(WSSR/ndf)    : 0.456604
variance of residuals (reduced chisquare) = WSSR/ndf   : 0.208487

Final set of parameters            Asymptotic Standard Error
=======================            ==========================

a               = 0.000281404      +/- 4.543e-05    (16.14%)


correlation matrix of the fit parameters:

               a      
a               1.000 
